2024-01-18 00:51:57,308 [INFO] Activator:176 - 


2024-01-18 00:51:57,309 [INFO] Activator:177 - !SESSION log4j initialized
2024-01-18 00:52:00,060 [INFO] LogOutputStream:77 - [STDOUT_REDIRECT] 
2024-01-18 00:52:01,830 [INFO] ApplicationProperties:184 - Using Application install path: I:\software\STM32CubeIDE_1.14.0\STM32CubeIDE\plugins\com.st.stm32cube.common.mx_6.10.0.202311202037
2024-01-18 00:52:01,844 [INFO] DbMcusXml:78 - Set database path to: I:\software\STM32CubeIDE_1.14.0\STM32CubeIDE\plugins\com.st.stm32cube.common.mx_6.10.0.202311202037\\db\/mcu/
2024-01-18 00:52:01,845 [INFO] ApiDb:274 - Set plugin database path to: I:\software\STM32CubeIDE_1.14.0\STM32CubeIDE\plugins\com.st.stm32cube.common.mx_6.10.0.202311202037\\db\/plugins/boardmanager/
2024-01-18 00:52:01,845 [WARN] ApiDb:259 - Overriding images path with different value:  => I:\software\STM32CubeIDE_1.14.0\STM32CubeIDE\plugins\com.st.stm32cube.common.mx_6.10.0.202311202037\\db\/plugins/mcufinder/images/
2024-01-18 00:52:01,855 [INFO] ApiDb:250 - Set database path to: C:\Users\king\.stmcufinder\plugins\mcufinder//mcu/
2024-01-18 00:52:01,856 [INFO] DbMcusAds:125 - Set database path to: C:\Users\king\.stmcufinder\plugins\mcufinder//mcu/
2024-01-18 00:52:01,858 [INFO] CrossReferenceDbSqlite:203 - Set database path to: C:\Users\king\.stmcufinder\plugins\mcufinder//mcu/cs/
2024-01-18 00:52:01,943 [INFO] RulesReader:64 - Compatibility file has been processed (297 Rules)
2024-01-18 00:52:02,057 [INFO] DbMcusXml:78 - Set database path to: I:\software\STM32CubeIDE_1.14.0\STM32CubeIDE\plugins\com.st.stm32cube.common.mx_6.10.0.202311202037\\db\/mcu/
2024-01-18 00:52:02,057 [INFO] ApiDb:274 - Set plugin database path to: I:\software\STM32CubeIDE_1.14.0\STM32CubeIDE\plugins\com.st.stm32cube.common.mx_6.10.0.202311202037\\db\/plugins/boardmanager/
2024-01-18 00:52:02,057 [INFO] ApiDb:261 - Set plugin images path to: I:\software\STM32CubeIDE_1.14.0\STM32CubeIDE\plugins\com.st.stm32cube.common.mx_6.10.0.202311202037\\db\/plugins/mcufinder/images/
2024-01-18 00:52:02,057 [WARN] DbFile:41 - Overriding database path with different value: C:\Users\king\.stmcufinder\plugins\mcufinder/ => C:\Users\king\.stmcufinder\plugins\mcufinder
2024-01-18 00:52:02,057 [INFO] ApiDb:250 - Set database path to: C:\Users\king\.stmcufinder\plugins\mcufinder//mcu/
2024-01-18 00:52:02,057 [WARN] DbFile:41 - Overriding database path with different value: C:\Users\king\.stmcufinder\plugins\mcufinder/ => C:\Users\king\.stmcufinder\plugins\mcufinder
2024-01-18 00:52:02,057 [INFO] DbMcusAds:125 - Set database path to: C:\Users\king\.stmcufinder\plugins\mcufinder//mcu/
2024-01-18 00:52:02,057 [WARN] DbFile:41 - Overriding database path with different value: C:\Users\king\.stmcufinder\plugins\mcufinder/ => C:\Users\king\.stmcufinder\plugins\mcufinder
2024-01-18 00:52:02,057 [WARN] DbFile:41 - Overriding database path with different value: C:\Users\king\.stmcufinder\plugins\mcufinder/ => C:\Users\king\.stmcufinder\plugins\mcufinder
2024-01-18 00:52:02,057 [INFO] CrossReferenceDbSqlite:203 - Set database path to: C:\Users\king\.stmcufinder\plugins\mcufinder//mcu/cs/
2024-01-18 00:52:02,142 [INFO] MainPanel:264 - HeapMemory: 268435456
2024-01-18 00:52:02,213 [INFO] DbMcusXml:78 - Set database path to: I:\software\STM32CubeIDE_1.14.0\STM32CubeIDE\plugins\com.st.stm32cube.common.mx_6.10.0.202311202037\\db\/mcu/
2024-01-18 00:52:02,214 [INFO] ApiDb:274 - Set plugin database path to: I:\software\STM32CubeIDE_1.14.0\STM32CubeIDE\plugins\com.st.stm32cube.common.mx_6.10.0.202311202037\\db\/plugins/boardmanager/
2024-01-18 00:52:02,214 [INFO] ApiDb:261 - Set plugin images path to: I:\software\STM32CubeIDE_1.14.0\STM32CubeIDE\plugins\com.st.stm32cube.common.mx_6.10.0.202311202037\\db\/plugins/mcufinder/images/
2024-01-18 00:52:02,214 [WARN] DbFile:41 - Overriding database path with different value: C:\Users\king\.stmcufinder\plugins\mcufinder/ => C:\Users\king\.stmcufinder\plugins\mcufinder
2024-01-18 00:52:02,214 [INFO] ApiDb:250 - Set database path to: C:\Users\king\.stmcufinder\plugins\mcufinder//mcu/
2024-01-18 00:52:02,214 [WARN] DbFile:41 - Overriding database path with different value: C:\Users\king\.stmcufinder\plugins\mcufinder/ => C:\Users\king\.stmcufinder\plugins\mcufinder
2024-01-18 00:52:02,214 [INFO] DbMcusAds:125 - Set database path to: C:\Users\king\.stmcufinder\plugins\mcufinder//mcu/
2024-01-18 00:52:02,214 [WARN] DbFile:41 - Overriding database path with different value: C:\Users\king\.stmcufinder\plugins\mcufinder/ => C:\Users\king\.stmcufinder\plugins\mcufinder
2024-01-18 00:52:02,214 [WARN] DbFile:41 - Overriding database path with different value: C:\Users\king\.stmcufinder\plugins\mcufinder/ => C:\Users\king\.stmcufinder\plugins\mcufinder
2024-01-18 00:52:02,214 [INFO] CrossReferenceDbSqlite:203 - Set database path to: C:\Users\king\.stmcufinder\plugins\mcufinder//mcu/cs/
2024-01-18 00:52:02,236 [INFO] ApplicationProperties:184 - Using Application install path: I:\software\STM32CubeIDE_1.14.0\STM32CubeIDE\plugins\com.st.stm32cube.common.mx_6.10.0.202311202037
2024-01-18 00:52:02,237 [INFO] PluginManage:196 - Search for loadable plugins [exclusion list=, ]
2024-01-18 00:52:02,238 [INFO] PluginManage:310 - Check plugin analytics
2024-01-18 00:52:02,365 [INFO] AnalyticsPlugin:253 - Accepted Software Licenses: STM32CubeMX.6.8.1
2024-01-18 00:52:02,366 [INFO] AnalyticsPlugin:255 - Accepted CMSIS Pack Licenses: 
2024-01-18 00:52:02,366 [INFO] AnalyticsPlugin:257 - Accepted Firmware Licenses: 
2024-01-18 00:52:02,367 [INFO] PluginManage:359 - Loaded plugin analytics (category:tool,tabindex:-1)
2024-01-18 00:52:02,367 [INFO] PluginManage:310 - Check plugin cadmodel
2024-01-18 00:52:02,379 [INFO] CADModel:105 - Init CAD model plugin
2024-01-18 00:52:02,379 [INFO] PluginManage:359 - Loaded plugin cadmodel (category:power,tabindex:5)
2024-01-18 00:52:02,379 [INFO] PluginManage:310 - Check plugin clock
2024-01-18 00:52:02,396 [INFO] PluginManage:359 - Loaded plugin clock (category:base,tabindex:2)
2024-01-18 00:52:02,396 [INFO] PluginManage:310 - Check plugin ddr
2024-01-18 00:52:02,398 [INFO] PluginManage:359 - Loaded plugin ddr (category:tool,tabindex:6)
2024-01-18 00:52:02,398 [INFO] PluginManage:310 - Check plugin filemanager
2024-01-18 00:52:02,505 [INFO] PluginManage:359 - Loaded plugin filemanager (category:base,tabindex:10)
2024-01-18 00:52:02,505 [INFO] PluginManage:310 - Check plugin ipmanager
2024-01-18 00:52:02,517 [INFO] PluginManage:359 - Loaded plugin ipmanager (category:base,tabindex:5)
2024-01-18 00:52:02,517 [INFO] PluginManage:310 - Check plugin lpbam
2024-01-18 00:52:02,529 [INFO] PluginManage:359 - Loaded plugin lpbam (category:base,tabindex:0)
2024-01-18 00:52:02,529 [INFO] PluginManage:310 - Check plugin memorymap
2024-01-18 00:52:02,547 [INFO] PluginManage:359 - Loaded plugin memorymap (category:base,tabindex:4)
2024-01-18 00:52:02,547 [INFO] PluginManage:310 - Check plugin pinoutandconfiguration
2024-01-18 00:52:02,561 [INFO] PluginManage:359 - Loaded plugin pinoutandconfiguration (category:base,tabindex:1)
2024-01-18 00:52:02,561 [INFO] PluginManage:310 - Check plugin pinoutconfig
2024-01-18 00:52:02,650 [WARN] SupportedApi:132 - Cannot load RTOS API schema: s4s-elt-must-match.1: The content of 'definitions' must match (annotation?, (simpleType | complexType)?, (unique | key | keyref)*)). A problem was found starting at: attribute.
2024-01-18 00:52:02,744 [INFO] PluginManage:359 - Loaded plugin pinoutconfig (category:base,tabindex:0)
2024-01-18 00:52:02,744 [INFO] PluginManage:310 - Check plugin power
2024-01-18 00:52:02,761 [INFO] PluginManage:359 - Loaded plugin power (category:power,tabindex:4)
2024-01-18 00:52:02,761 [INFO] PluginManage:310 - Check plugin projectmanager
2024-01-18 00:52:02,773 [INFO] PluginManage:359 - Loaded plugin projectmanager (category:projectmanager,tabindex:3)
2024-01-18 00:52:02,774 [INFO] PluginManage:310 - Check plugin thirdparty
2024-01-18 00:52:02,938 [INFO] PluginManage:359 - Loaded plugin thirdparty (category:base,tabindex:-1)
2024-01-18 00:52:02,938 [INFO] PluginManage:310 - Check plugin tools
2024-01-18 00:52:02,938 [WARN] IntegrityCheckThread:84 - waiting for thirdparty lock release [integrity check]
2024-01-18 00:52:02,938 [INFO] IntegrityCheckThread:86 - entering critical section [integrity check]
2024-01-18 00:52:02,939 [INFO] ThirdPartyUpdaterWithRetryManager:70 - Updater plugin not ready yet. [1/15]
2024-01-18 00:52:02,961 [INFO] PluginManage:359 - Loaded plugin tools (category:base,tabindex:7)
2024-01-18 00:52:02,961 [INFO] PluginManage:310 - Check plugin tutovideos
2024-01-18 00:52:03,098 [INFO] PluginManage:359 - Loaded plugin tutovideos (category:base,tabindex:-1)
2024-01-18 00:52:03,098 [INFO] PluginManage:310 - Check plugin updater
2024-01-18 00:52:03,107 [INFO] PluginManage:359 - Loaded plugin updater (category:base,tabindex:12)
2024-01-18 00:52:03,107 [INFO] PluginManage:310 - Check plugin userauth
2024-01-18 00:52:03,111 [INFO] UserAuth:114 - Init User Auth plugin
2024-01-18 00:52:03,111 [INFO] PluginManage:359 - Loaded plugin userauth (category:base,tabindex:14)
2024-01-18 00:52:03,111 [INFO] PluginManage:283 - PluginManage : Loaded plugins [17]
2024-01-18 00:52:03,349 [INFO] PinOutPanel:1499 - setPackage(No Configuration,No Configuration)
2024-01-18 00:52:03,461 [INFO] CADModel:165 - CPN selected for project level
2024-01-18 00:52:03,461 [INFO] CADModel:114 - Register for checkConnection events
2024-01-18 00:52:03,482 [INFO] IPUIPlugin:80 - create IPUIPlugin
2024-01-18 00:52:03,482 [INFO] PluginManager:220 - loadIPPluginJar : add adc
2024-01-18 00:52:03,507 [INFO] IPUIPlugin:80 - create IPUIPlugin
2024-01-18 00:52:03,507 [INFO] PluginManager:220 - loadIPPluginJar : add aes
2024-01-18 00:52:03,533 [INFO] IPUIPlugin:80 - create IPUIPlugin
2024-01-18 00:52:03,533 [INFO] PluginManager:220 - loadIPPluginJar : add can
2024-01-18 00:52:03,549 [INFO] IPUIPlugin:80 - create IPUIPlugin
2024-01-18 00:52:03,549 [INFO] PluginManager:220 - loadIPPluginJar : add comp
2024-01-18 00:52:03,572 [INFO] IPUIPlugin:80 - create IPUIPlugin
2024-01-18 00:52:03,572 [INFO] PluginManager:220 - loadIPPluginJar : add cryp
2024-01-18 00:52:03,592 [INFO] IPUIPlugin:80 - create IPUIPlugin
2024-01-18 00:52:03,592 [INFO] PluginManager:220 - loadIPPluginJar : add dfsdm
2024-01-18 00:52:03,602 [INFO] IPUIPlugin:80 - create IPUIPlugin
2024-01-18 00:52:03,602 [INFO] PluginManager:220 - loadIPPluginJar : add dma
2024-01-18 00:52:03,631 [INFO] IPUIPlugin:80 - create IPUIPlugin
2024-01-18 00:52:03,631 [INFO] PluginManager:220 - loadIPPluginJar : add dma3
2024-01-18 00:52:03,646 [INFO] IPUIPlugin:80 - create IPUIPlugin
2024-01-18 00:52:03,646 [INFO] PluginManager:220 - loadIPPluginJar : add fatfs
2024-01-18 00:52:03,677 [INFO] IPUIPlugin:80 - create IPUIPlugin
2024-01-18 00:52:03,677 [INFO] PluginManager:220 - loadIPPluginJar : add fmc
2024-01-18 00:52:03,690 [INFO] IPUIPlugin:80 - create IPUIPlugin
2024-01-18 00:52:03,690 [INFO] PluginManager:220 - loadIPPluginJar : add freertos
2024-01-18 00:52:03,704 [INFO] IPUIPlugin:80 - create IPUIPlugin
2024-01-18 00:52:03,704 [INFO] PluginManager:220 - loadIPPluginJar : add genericplugin
2024-01-18 00:52:03,766 [INFO] IPUIPlugin:80 - create IPUIPlugin
2024-01-18 00:52:03,766 [INFO] PluginManager:220 - loadIPPluginJar : add gfxmmu
2024-01-18 00:52:03,850 [INFO] IPUIPlugin:80 - create IPUIPlugin
2024-01-18 00:52:03,850 [INFO] PluginManager:220 - loadIPPluginJar : add gic
2024-01-18 00:52:03,861 [INFO] IPUIPlugin:80 - create IPUIPlugin
2024-01-18 00:52:03,861 [INFO] PluginManager:220 - loadIPPluginJar : add gpio
2024-01-18 00:52:03,921 [INFO] IPUIPlugin:80 - create IPUIPlugin
2024-01-18 00:52:03,922 [INFO] PluginManager:220 - loadIPPluginJar : add gtzc
2024-01-18 00:52:03,941 [INFO] IPUIPlugin:80 - create IPUIPlugin
2024-01-18 00:52:03,942 [INFO] PluginManager:220 - loadIPPluginJar : add hash
2024-01-18 00:52:03,976 [INFO] IPUIPlugin:80 - create IPUIPlugin
2024-01-18 00:52:03,976 [INFO] PluginManager:220 - loadIPPluginJar : add i2c
2024-01-18 00:52:04,002 [INFO] IPUIPlugin:80 - create IPUIPlugin
2024-01-18 00:52:04,002 [INFO] PluginManager:220 - loadIPPluginJar : add i2s
2024-01-18 00:52:04,029 [INFO] IPUIPlugin:80 - create IPUIPlugin
2024-01-18 00:52:04,030 [INFO] PluginManager:220 - loadIPPluginJar : add i3c
2024-01-18 00:52:04,101 [INFO] IPUIPlugin:80 - create IPUIPlugin
2024-01-18 00:52:04,101 [INFO] PluginManager:220 - loadIPPluginJar : add ipddr
2024-01-18 00:52:04,160 [INFO] IPUIPlugin:80 - create IPUIPlugin
2024-01-18 00:52:04,160 [INFO] PluginManager:220 - loadIPPluginJar : add linkedlist
2024-01-18 00:52:04,191 [INFO] IPUIPlugin:80 - create IPUIPlugin
2024-01-18 00:52:04,191 [INFO] PluginManager:220 - loadIPPluginJar : add lorawan
2024-01-18 00:52:04,214 [INFO] IPUIPlugin:80 - create IPUIPlugin
2024-01-18 00:52:04,215 [INFO] PluginManager:220 - loadIPPluginJar : add ltdc
2024-01-18 00:52:04,225 [INFO] IPUIPlugin:80 - create IPUIPlugin
2024-01-18 00:52:04,225 [INFO] PluginManager:220 - loadIPPluginJar : add mdma
2024-01-18 00:52:04,235 [INFO] IPUIPlugin:80 - create IPUIPlugin
2024-01-18 00:52:04,235 [INFO] PluginManager:220 - loadIPPluginJar : add nvic
2024-01-18 00:52:04,259 [INFO] IPUIPlugin:80 - create IPUIPlugin
2024-01-18 00:52:04,260 [INFO] PluginManager:220 - loadIPPluginJar : add opamp
2024-01-18 00:52:04,298 [INFO] IPUIPlugin:80 - create IPUIPlugin
2024-01-18 00:52:04,298 [INFO] PluginManager:220 - loadIPPluginJar : add openamp
2024-01-18 00:52:04,326 [INFO] IPUIPlugin:80 - create IPUIPlugin
2024-01-18 00:52:04,326 [INFO] PluginManager:220 - loadIPPluginJar : add pdm2pcm
2024-01-18 00:52:04,338 [INFO] IPUIPlugin:80 - create IPUIPlugin
2024-01-18 00:52:04,339 [INFO] PluginManager:220 - loadIPPluginJar : add plateformsettings
2024-01-18 00:52:04,355 [INFO] IPUIPlugin:80 - create IPUIPlugin
2024-01-18 00:52:04,355 [INFO] PluginManager:220 - loadIPPluginJar : add quadspi
2024-01-18 00:52:04,365 [INFO] IPUIPlugin:80 - create IPUIPlugin
2024-01-18 00:52:04,365 [INFO] PluginManager:220 - loadIPPluginJar : add resmgrutility
2024-01-18 00:52:04,396 [INFO] IPUIPlugin:80 - create IPUIPlugin
2024-01-18 00:52:04,397 [INFO] PluginManager:220 - loadIPPluginJar : add sai
2024-01-18 00:52:04,421 [INFO] IPUIPlugin:80 - create IPUIPlugin
2024-01-18 00:52:04,421 [INFO] PluginManager:220 - loadIPPluginJar : add spi
2024-01-18 00:52:04,467 [INFO] IPUIPlugin:80 - create IPUIPlugin
2024-01-18 00:52:04,467 [INFO] PluginManager:220 - loadIPPluginJar : add stm32_wpan
2024-01-18 00:52:04,483 [INFO] IPUIPlugin:80 - create IPUIPlugin
2024-01-18 00:52:04,483 [INFO] PluginManager:220 - loadIPPluginJar : add tim
2024-01-18 00:52:04,519 [INFO] IPUIPlugin:80 - create IPUIPlugin
2024-01-18 00:52:04,519 [INFO] PluginManager:220 - loadIPPluginJar : add touchsensing
2024-01-18 00:52:04,533 [INFO] IPUIPlugin:80 - create IPUIPlugin
2024-01-18 00:52:04,534 [INFO] PluginManager:220 - loadIPPluginJar : add tracer_emb
2024-01-18 00:52:04,549 [INFO] IPUIPlugin:80 - create IPUIPlugin
2024-01-18 00:52:04,549 [INFO] PluginManager:220 - loadIPPluginJar : add ts
2024-01-18 00:52:04,563 [INFO] IPUIPlugin:80 - create IPUIPlugin
2024-01-18 00:52:04,563 [INFO] PluginManager:220 - loadIPPluginJar : add tsc
2024-01-18 00:52:04,578 [INFO] IPUIPlugin:80 - create IPUIPlugin
2024-01-18 00:52:04,578 [INFO] PluginManager:220 - loadIPPluginJar : add ucpd
2024-01-18 00:52:04,607 [INFO] IPUIPlugin:80 - create IPUIPlugin
2024-01-18 00:52:04,608 [INFO] PluginManager:220 - loadIPPluginJar : add usart
2024-01-18 00:52:04,637 [INFO] IPUIPlugin:80 - create IPUIPlugin
2024-01-18 00:52:04,637 [INFO] PluginManager:220 - loadIPPluginJar : add usbx
2024-01-18 00:52:04,781 [INFO] CADModel:165 - CPN selected for project level
2024-01-18 00:52:04,781 [INFO] CADModel:114 - Register for checkConnection events
2024-01-18 00:52:04,781 [FATAL] Updater:308 - Updater called before beeing initialized
2024-01-18 00:52:04,781 [ERROR] CADModel:125 - Updater not yet initialized, retry later 
2024-01-18 00:52:04,900 [INFO] CADModel:165 - CPN selected for project level
2024-01-18 00:52:04,900 [INFO] CADModel:114 - Register for checkConnection events
2024-01-18 00:52:04,900 [FATAL] Updater:308 - Updater called before beeing initialized
2024-01-18 00:52:04,900 [ERROR] CADModel:125 - Updater not yet initialized, retry later 
2024-01-18 00:52:04,903 [FATAL] Updater:308 - Updater called before beeing initialized
2024-01-18 00:52:05,007 [FATAL] Updater:308 - Updater called before beeing initialized
2024-01-18 00:52:05,013 [INFO] DbMcusAds:53 - JSON generation date=Wed Nov 29 18:52:27 CST 2023 (1701255147349)
2024-01-18 00:52:05,013 [FATAL] Updater:308 - Updater called before beeing initialized
2024-01-18 00:52:05,073 [WARN] DetailPanel:346 - Failed to get advertising image, set to default
2024-01-18 00:52:05,176 [FATAL] Updater:308 - Updater called before beeing initialized
2024-01-18 00:52:05,177 [FATAL] Updater:308 - Updater called before beeing initialized
2024-01-18 00:52:05,177 [FATAL] Updater:308 - Updater called before beeing initialized
2024-01-18 00:52:05,177 [WARN] DetailPanel:346 - Failed to get advertising image, set to default
2024-01-18 00:52:05,178 [FATAL] Updater:308 - Updater called before beeing initialized
2024-01-18 00:52:05,234 [ERROR] Updater:1120 - MainUpdater not yet initialized. External WinMGr cannot be set.
2024-01-18 00:52:05,241 [INFO] Updater:1056 - Updater Version found : 6.10.0
2024-01-18 00:52:05,255 [INFO] ApplicationProperties:184 - Using Application install path: I:\software\STM32CubeIDE_1.14.0\STM32CubeIDE\plugins\com.st.stm32cube.common.mx_6.10.0.202311202037
2024-01-18 00:52:05,288 [INFO] MainUpdater:526 - Copy updater definitions from MX database
2024-01-18 00:52:05,312 [INFO] MainUpdater:559 - Copy flag file definitions from MX database
2024-01-18 00:52:05,314 [INFO] MainUpdater:575 - Copy thirdparty index definitions from MX database
2024-01-18 00:52:05,316 [INFO] MainUpdater:594 - Copy default thirdparty db definitions from MX database
2024-01-18 00:52:05,508 [INFO] MainUpdater:2873 - connection check result : 10
2024-01-18 00:52:05,509 [INFO] MainUpdater:3567 - Updater definition file requires update
2024-01-18 00:52:05,510 [INFO] MainUpdater:290 - Updater Check For Update Now.
2024-01-18 00:52:05,510 [INFO] MicroXplorer:498 - Change Database Version : DB.6.0.100
2024-01-18 00:52:05,521 [INFO] McuFinderGlobals:63 - Set McuFinder mode to 2 (CubeIDE integrated)
2024-01-18 00:52:05,521 [INFO] UserAuth:180 - activating auth plugin
2024-01-18 00:52:05,522 [INFO] UserAuth:404 - Internet connection configuration mode: 1
2024-01-18 00:52:05,525 [INFO] ServerAccessManage:473 - Download File updaters.zip
2024-01-18 00:52:05,542 [INFO] JxBrowserEngine:152 - Initiate JxBrowser Engine with user profile folder
2024-01-18 00:52:05,570 [INFO] FileExtend:240 - Unzip File : updaters.zip
2024-01-18 00:52:05,570 [INFO] FileExtend:255 - Standard Zip Deflate
2024-01-18 00:52:05,929 [INFO] ServerAccessManage:473 - Download File PacksControlFlags.xml
2024-01-18 00:52:05,940 [WARN] MainUpdater:1194 - Updater busy. Cannot search thirdparties
2024-01-18 00:52:05,940 [INFO] ThirdPartyUpdaterWithRetryManager:96 - Updater plugin is busy. [1/15]
2024-01-18 00:52:05,971 [INFO] ServerAccessManage:473 - Download File cubemx.pidx
2024-01-18 00:52:07,194 [INFO] ServerAccessManage:473 - Download File STMicroelectronics.FP-ATR-ASTRA1.pdsc
2024-01-18 00:52:07,789 [INFO] WebApp:161 - Instantiating new browser for Auth
2024-01-18 00:52:08,257 [INFO] WebApp:780 - Register for checkConnection events
2024-01-18 00:52:08,258 [INFO] WebApp:414 - Apply proxy settings
2024-01-18 00:52:08,258 [INFO] WebApp:499 - Chromium requires no authentication
2024-01-18 00:52:08,264 [INFO] WebApp:442 - Direct internet connection detected
2024-01-18 00:52:08,392 [INFO] WebApp:192 - Starting web application
2024-01-18 00:52:08,393 [INFO] WebApp:544 - Web application path used I:\software\STM32CubeIDE_1.14.0\STM32CubeIDE\plugins\com.st.stm32cube.common.mx_6.10.0.202311202037\db\plugins\mcufinder\reactClient1\index.html
2024-01-18 00:52:08,942 [WARN] MainUpdater:1194 - Updater busy. Cannot search thirdparties
2024-01-18 00:52:08,942 [INFO] ThirdPartyUpdaterWithRetryManager:96 - Updater plugin is busy. [2/15]
2024-01-18 00:52:09,177 [INFO] ServerAccessManage:473 - Download File STMicroelectronics.FP-ATR-SIGFOX1.pdsc
2024-01-18 00:52:10,670 [INFO] ServerAccessManage:473 - Download File STMicroelectronics.FP-SNS-FLIGHT1.pdsc
2024-01-18 00:52:11,942 [WARN] MainUpdater:1194 - Updater busy. Cannot search thirdparties
2024-01-18 00:52:11,942 [INFO] ThirdPartyUpdaterWithRetryManager:96 - Updater plugin is busy. [3/15]
2024-01-18 00:52:12,773 [ERROR] LogOutputStream:75 - [STDERR_REDIRECT] 
2024-01-18 02:36:00,998 [INFO] Activator:176 - 


2024-01-18 02:36:00,999 [INFO] Activator:177 - !SESSION log4j initialized
2024-01-18 02:36:03,232 [INFO] LogOutputStream:77 - [STDOUT_REDIRECT] 
2024-01-18 02:36:04,267 [INFO] McuFinderGlobals:63 - Set McuFinder mode to 2 (CubeIDE integrated)
2024-01-18 02:36:04,593 [INFO] ApplicationProperties:184 - Using Application install path: I:\software\STM32CubeIDE_1.14.0\STM32CubeIDE\plugins\com.st.stm32cube.common.mx_6.10.0.202311202037
2024-01-18 02:36:04,603 [INFO] DbMcusXml:78 - Set database path to: I:\software\STM32CubeIDE_1.14.0\STM32CubeIDE\plugins\com.st.stm32cube.common.mx_6.10.0.202311202037\\db\/mcu/
2024-01-18 02:36:04,603 [INFO] ApiDb:274 - Set plugin database path to: I:\software\STM32CubeIDE_1.14.0\STM32CubeIDE\plugins\com.st.stm32cube.common.mx_6.10.0.202311202037\\db\/plugins/boardmanager/
2024-01-18 02:36:04,604 [WARN] ApiDb:259 - Overriding images path with different value:  => I:\software\STM32CubeIDE_1.14.0\STM32CubeIDE\plugins\com.st.stm32cube.common.mx_6.10.0.202311202037\\db\/plugins/mcufinder/images/
2024-01-18 02:36:04,609 [INFO] ApiDb:250 - Set database path to: C:\Users\king\.stmcufinder\plugins\mcufinder//mcu/
2024-01-18 02:36:04,609 [INFO] DbMcusAds:125 - Set database path to: C:\Users\king\.stmcufinder\plugins\mcufinder//mcu/
2024-01-18 02:36:04,611 [INFO] CrossReferenceDbSqlite:203 - Set database path to: C:\Users\king\.stmcufinder\plugins\mcufinder//mcu/cs/
2024-01-18 02:36:04,686 [INFO] RulesReader:64 - Compatibility file has been processed (297 Rules)
2024-01-18 02:36:04,779 [INFO] DbMcusXml:78 - Set database path to: I:\software\STM32CubeIDE_1.14.0\STM32CubeIDE\plugins\com.st.stm32cube.common.mx_6.10.0.202311202037\\db\/mcu/
2024-01-18 02:36:04,779 [INFO] ApiDb:274 - Set plugin database path to: I:\software\STM32CubeIDE_1.14.0\STM32CubeIDE\plugins\com.st.stm32cube.common.mx_6.10.0.202311202037\\db\/plugins/boardmanager/
2024-01-18 02:36:04,780 [INFO] ApiDb:261 - Set plugin images path to: I:\software\STM32CubeIDE_1.14.0\STM32CubeIDE\plugins\com.st.stm32cube.common.mx_6.10.0.202311202037\\db\/plugins/mcufinder/images/
2024-01-18 02:36:04,780 [WARN] DbFile:41 - Overriding database path with different value: C:\Users\king\.stmcufinder\plugins\mcufinder/ => C:\Users\king\.stmcufinder\plugins\mcufinder
2024-01-18 02:36:04,780 [INFO] ApiDb:250 - Set database path to: C:\Users\king\.stmcufinder\plugins\mcufinder//mcu/
2024-01-18 02:36:04,780 [WARN] DbFile:41 - Overriding database path with different value: C:\Users\king\.stmcufinder\plugins\mcufinder/ => C:\Users\king\.stmcufinder\plugins\mcufinder
2024-01-18 02:36:04,780 [INFO] DbMcusAds:125 - Set database path to: C:\Users\king\.stmcufinder\plugins\mcufinder//mcu/
2024-01-18 02:36:04,780 [WARN] DbFile:41 - Overriding database path with different value: C:\Users\king\.stmcufinder\plugins\mcufinder/ => C:\Users\king\.stmcufinder\plugins\mcufinder
2024-01-18 02:36:04,780 [WARN] DbFile:41 - Overriding database path with different value: C:\Users\king\.stmcufinder\plugins\mcufinder/ => C:\Users\king\.stmcufinder\plugins\mcufinder
2024-01-18 02:36:04,780 [INFO] CrossReferenceDbSqlite:203 - Set database path to: C:\Users\king\.stmcufinder\plugins\mcufinder//mcu/cs/
2024-01-18 02:36:04,845 [INFO] MainPanel:264 - HeapMemory: 268435456
2024-01-18 02:36:04,887 [INFO] DbMcusXml:78 - Set database path to: I:\software\STM32CubeIDE_1.14.0\STM32CubeIDE\plugins\com.st.stm32cube.common.mx_6.10.0.202311202037\\db\/mcu/
2024-01-18 02:36:04,887 [INFO] ApiDb:274 - Set plugin database path to: I:\software\STM32CubeIDE_1.14.0\STM32CubeIDE\plugins\com.st.stm32cube.common.mx_6.10.0.202311202037\\db\/plugins/boardmanager/
2024-01-18 02:36:04,887 [INFO] ApiDb:261 - Set plugin images path to: I:\software\STM32CubeIDE_1.14.0\STM32CubeIDE\plugins\com.st.stm32cube.common.mx_6.10.0.202311202037\\db\/plugins/mcufinder/images/
2024-01-18 02:36:04,887 [WARN] DbFile:41 - Overriding database path with different value: C:\Users\king\.stmcufinder\plugins\mcufinder/ => C:\Users\king\.stmcufinder\plugins\mcufinder
2024-01-18 02:36:04,887 [INFO] ApiDb:250 - Set database path to: C:\Users\king\.stmcufinder\plugins\mcufinder//mcu/
2024-01-18 02:36:04,887 [WARN] DbFile:41 - Overriding database path with different value: C:\Users\king\.stmcufinder\plugins\mcufinder/ => C:\Users\king\.stmcufinder\plugins\mcufinder
2024-01-18 02:36:04,887 [INFO] DbMcusAds:125 - Set database path to: C:\Users\king\.stmcufinder\plugins\mcufinder//mcu/
2024-01-18 02:36:04,888 [WARN] DbFile:41 - Overriding database path with different value: C:\Users\king\.stmcufinder\plugins\mcufinder/ => C:\Users\king\.stmcufinder\plugins\mcufinder
2024-01-18 02:36:04,888 [WARN] DbFile:41 - Overriding database path with different value: C:\Users\king\.stmcufinder\plugins\mcufinder/ => C:\Users\king\.stmcufinder\plugins\mcufinder
2024-01-18 02:36:04,888 [INFO] CrossReferenceDbSqlite:203 - Set database path to: C:\Users\king\.stmcufinder\plugins\mcufinder//mcu/cs/
2024-01-18 02:36:04,907 [INFO] ApplicationProperties:184 - Using Application install path: I:\software\STM32CubeIDE_1.14.0\STM32CubeIDE\plugins\com.st.stm32cube.common.mx_6.10.0.202311202037
2024-01-18 02:36:04,908 [INFO] PluginManage:196 - Search for loadable plugins [exclusion list=, ]
2024-01-18 02:36:04,909 [INFO] PluginManage:310 - Check plugin analytics
2024-01-18 02:36:05,019 [INFO] AnalyticsPlugin:253 - Accepted Software Licenses: STM32CubeMX.6.8.1
2024-01-18 02:36:05,019 [INFO] AnalyticsPlugin:255 - Accepted CMSIS Pack Licenses: 
2024-01-18 02:36:05,020 [INFO] AnalyticsPlugin:257 - Accepted Firmware Licenses: 
2024-01-18 02:36:05,021 [INFO] PluginManage:359 - Loaded plugin analytics (category:tool,tabindex:-1)
2024-01-18 02:36:05,022 [INFO] PluginManage:310 - Check plugin cadmodel
2024-01-18 02:36:05,025 [INFO] CADModel:105 - Init CAD model plugin
2024-01-18 02:36:05,025 [INFO] PluginManage:359 - Loaded plugin cadmodel (category:power,tabindex:5)
2024-01-18 02:36:05,025 [INFO] PluginManage:310 - Check plugin clock
2024-01-18 02:36:05,031 [INFO] PluginManage:359 - Loaded plugin clock (category:base,tabindex:2)
2024-01-18 02:36:05,031 [INFO] PluginManage:310 - Check plugin ddr
2024-01-18 02:36:05,032 [INFO] PluginManage:359 - Loaded plugin ddr (category:tool,tabindex:6)
2024-01-18 02:36:05,032 [INFO] PluginManage:310 - Check plugin filemanager
2024-01-18 02:36:05,125 [INFO] PluginManage:359 - Loaded plugin filemanager (category:base,tabindex:10)
2024-01-18 02:36:05,125 [INFO] PluginManage:310 - Check plugin ipmanager
2024-01-18 02:36:05,138 [INFO] PluginManage:359 - Loaded plugin ipmanager (category:base,tabindex:5)
2024-01-18 02:36:05,138 [INFO] PluginManage:310 - Check plugin lpbam
2024-01-18 02:36:05,144 [INFO] PluginManage:359 - Loaded plugin lpbam (category:base,tabindex:0)
2024-01-18 02:36:05,144 [INFO] PluginManage:310 - Check plugin memorymap
2024-01-18 02:36:05,152 [INFO] PluginManage:359 - Loaded plugin memorymap (category:base,tabindex:4)
2024-01-18 02:36:05,153 [INFO] PluginManage:310 - Check plugin pinoutandconfiguration
2024-01-18 02:36:05,158 [INFO] PluginManage:359 - Loaded plugin pinoutandconfiguration (category:base,tabindex:1)
2024-01-18 02:36:05,158 [INFO] PluginManage:310 - Check plugin pinoutconfig
2024-01-18 02:36:05,233 [WARN] SupportedApi:132 - Cannot load RTOS API schema: s4s-elt-must-match.1: The content of 'definitions' must match (annotation?, (simpleType | complexType)?, (unique | key | keyref)*)). A problem was found starting at: attribute.
2024-01-18 02:36:05,317 [INFO] PluginManage:359 - Loaded plugin pinoutconfig (category:base,tabindex:0)
2024-01-18 02:36:05,317 [INFO] PluginManage:310 - Check plugin power
2024-01-18 02:36:05,323 [INFO] PluginManage:359 - Loaded plugin power (category:power,tabindex:4)
2024-01-18 02:36:05,323 [INFO] PluginManage:310 - Check plugin projectmanager
2024-01-18 02:36:05,334 [INFO] PluginManage:359 - Loaded plugin projectmanager (category:projectmanager,tabindex:3)
2024-01-18 02:36:05,335 [INFO] PluginManage:310 - Check plugin thirdparty
2024-01-18 02:36:05,406 [INFO] PluginManage:359 - Loaded plugin thirdparty (category:base,tabindex:-1)
2024-01-18 02:36:05,406 [INFO] PluginManage:310 - Check plugin tools
2024-01-18 02:36:05,406 [WARN] IntegrityCheckThread:84 - waiting for thirdparty lock release [integrity check]
2024-01-18 02:36:05,407 [INFO] IntegrityCheckThread:86 - entering critical section [integrity check]
2024-01-18 02:36:05,407 [INFO] ThirdPartyUpdaterWithRetryManager:70 - Updater plugin not ready yet. [1/15]
2024-01-18 02:36:05,408 [INFO] PluginManage:359 - Loaded plugin tools (category:base,tabindex:7)
2024-01-18 02:36:05,408 [INFO] PluginManage:310 - Check plugin tutovideos
2024-01-18 02:36:05,514 [INFO] PluginManage:359 - Loaded plugin tutovideos (category:base,tabindex:-1)
2024-01-18 02:36:05,514 [INFO] PluginManage:310 - Check plugin updater
2024-01-18 02:36:05,521 [INFO] PluginManage:359 - Loaded plugin updater (category:base,tabindex:12)
2024-01-18 02:36:05,521 [INFO] PluginManage:310 - Check plugin userauth
2024-01-18 02:36:05,524 [INFO] UserAuth:114 - Init User Auth plugin
2024-01-18 02:36:05,524 [INFO] PluginManage:359 - Loaded plugin userauth (category:base,tabindex:14)
2024-01-18 02:36:05,524 [INFO] PluginManage:283 - PluginManage : Loaded plugins [17]
2024-01-18 02:36:05,717 [INFO] PinOutPanel:1499 - setPackage(No Configuration,No Configuration)
2024-01-18 02:36:05,801 [INFO] CADModel:165 - CPN selected for project level
2024-01-18 02:36:05,801 [INFO] CADModel:114 - Register for checkConnection events
2024-01-18 02:36:05,812 [INFO] IPUIPlugin:80 - create IPUIPlugin
2024-01-18 02:36:05,812 [INFO] PluginManager:220 - loadIPPluginJar : add adc
2024-01-18 02:36:05,814 [INFO] IPUIPlugin:80 - create IPUIPlugin
2024-01-18 02:36:05,814 [INFO] PluginManager:220 - loadIPPluginJar : add aes
2024-01-18 02:36:05,816 [INFO] IPUIPlugin:80 - create IPUIPlugin
2024-01-18 02:36:05,816 [INFO] PluginManager:220 - loadIPPluginJar : add can
2024-01-18 02:36:05,817 [INFO] IPUIPlugin:80 - create IPUIPlugin
2024-01-18 02:36:05,817 [INFO] PluginManager:220 - loadIPPluginJar : add comp
2024-01-18 02:36:05,819 [INFO] IPUIPlugin:80 - create IPUIPlugin
2024-01-18 02:36:05,819 [INFO] PluginManager:220 - loadIPPluginJar : add cryp
2024-01-18 02:36:05,821 [INFO] IPUIPlugin:80 - create IPUIPlugin
2024-01-18 02:36:05,821 [INFO] PluginManager:220 - loadIPPluginJar : add dfsdm
2024-01-18 02:36:05,824 [INFO] IPUIPlugin:80 - create IPUIPlugin
2024-01-18 02:36:05,824 [INFO] PluginManager:220 - loadIPPluginJar : add dma
2024-01-18 02:36:05,826 [INFO] IPUIPlugin:80 - create IPUIPlugin
2024-01-18 02:36:05,826 [INFO] PluginManager:220 - loadIPPluginJar : add dma3
2024-01-18 02:36:05,827 [INFO] IPUIPlugin:80 - create IPUIPlugin
2024-01-18 02:36:05,828 [INFO] PluginManager:220 - loadIPPluginJar : add fatfs
2024-01-18 02:36:05,830 [INFO] IPUIPlugin:80 - create IPUIPlugin
2024-01-18 02:36:05,831 [INFO] PluginManager:220 - loadIPPluginJar : add fmc
2024-01-18 02:36:05,834 [INFO] IPUIPlugin:80 - create IPUIPlugin
2024-01-18 02:36:05,834 [INFO] PluginManager:220 - loadIPPluginJar : add freertos
2024-01-18 02:36:05,835 [INFO] IPUIPlugin:80 - create IPUIPlugin
2024-01-18 02:36:05,835 [INFO] PluginManager:220 - loadIPPluginJar : add genericplugin
2024-01-18 02:36:05,837 [INFO] IPUIPlugin:80 - create IPUIPlugin
2024-01-18 02:36:05,837 [INFO] PluginManager:220 - loadIPPluginJar : add gfxmmu
2024-01-18 02:36:05,840 [INFO] IPUIPlugin:80 - create IPUIPlugin
2024-01-18 02:36:05,840 [INFO] PluginManager:220 - loadIPPluginJar : add gic
2024-01-18 02:36:05,842 [INFO] IPUIPlugin:80 - create IPUIPlugin
2024-01-18 02:36:05,842 [INFO] PluginManager:220 - loadIPPluginJar : add gpio
2024-01-18 02:36:05,844 [INFO] IPUIPlugin:80 - create IPUIPlugin
2024-01-18 02:36:05,844 [INFO] PluginManager:220 - loadIPPluginJar : add gtzc
2024-01-18 02:36:05,846 [INFO] IPUIPlugin:80 - create IPUIPlugin
2024-01-18 02:36:05,846 [INFO] PluginManager:220 - loadIPPluginJar : add hash
2024-01-18 02:36:05,848 [INFO] IPUIPlugin:80 - create IPUIPlugin
2024-01-18 02:36:05,848 [INFO] PluginManager:220 - loadIPPluginJar : add i2c
2024-01-18 02:36:05,850 [INFO] IPUIPlugin:80 - create IPUIPlugin
2024-01-18 02:36:05,850 [INFO] PluginManager:220 - loadIPPluginJar : add i2s
2024-01-18 02:36:05,851 [INFO] IPUIPlugin:80 - create IPUIPlugin
2024-01-18 02:36:05,851 [INFO] PluginManager:220 - loadIPPluginJar : add i3c
2024-01-18 02:36:05,853 [INFO] IPUIPlugin:80 - create IPUIPlugin
2024-01-18 02:36:05,853 [INFO] PluginManager:220 - loadIPPluginJar : add ipddr
2024-01-18 02:36:05,857 [INFO] IPUIPlugin:80 - create IPUIPlugin
2024-01-18 02:36:05,857 [INFO] PluginManager:220 - loadIPPluginJar : add linkedlist
2024-01-18 02:36:05,859 [INFO] IPUIPlugin:80 - create IPUIPlugin
2024-01-18 02:36:05,859 [INFO] PluginManager:220 - loadIPPluginJar : add lorawan
2024-01-18 02:36:05,860 [INFO] IPUIPlugin:80 - create IPUIPlugin
2024-01-18 02:36:05,860 [INFO] PluginManager:220 - loadIPPluginJar : add ltdc
2024-01-18 02:36:05,863 [INFO] IPUIPlugin:80 - create IPUIPlugin
2024-01-18 02:36:05,864 [INFO] PluginManager:220 - loadIPPluginJar : add mdma
2024-01-18 02:36:05,866 [INFO] IPUIPlugin:80 - create IPUIPlugin
2024-01-18 02:36:05,866 [INFO] PluginManager:220 - loadIPPluginJar : add nvic
2024-01-18 02:36:05,867 [INFO] IPUIPlugin:80 - create IPUIPlugin
2024-01-18 02:36:05,868 [INFO] PluginManager:220 - loadIPPluginJar : add opamp
2024-01-18 02:36:05,870 [INFO] IPUIPlugin:80 - create IPUIPlugin
2024-01-18 02:36:05,870 [INFO] PluginManager:220 - loadIPPluginJar : add openamp
2024-01-18 02:36:05,872 [INFO] IPUIPlugin:80 - create IPUIPlugin
2024-01-18 02:36:05,872 [INFO] PluginManager:220 - loadIPPluginJar : add pdm2pcm
2024-01-18 02:36:05,876 [INFO] IPUIPlugin:80 - create IPUIPlugin
2024-01-18 02:36:05,878 [INFO] PluginManager:220 - loadIPPluginJar : add plateformsettings
2024-01-18 02:36:05,879 [INFO] IPUIPlugin:80 - create IPUIPlugin
2024-01-18 02:36:05,879 [INFO] PluginManager:220 - loadIPPluginJar : add quadspi
2024-01-18 02:36:05,881 [INFO] IPUIPlugin:80 - create IPUIPlugin
2024-01-18 02:36:05,881 [INFO] PluginManager:220 - loadIPPluginJar : add resmgrutility
2024-01-18 02:36:05,883 [INFO] IPUIPlugin:80 - create IPUIPlugin
2024-01-18 02:36:05,883 [INFO] PluginManager:220 - loadIPPluginJar : add sai
2024-01-18 02:36:05,885 [INFO] IPUIPlugin:80 - create IPUIPlugin
2024-01-18 02:36:05,885 [INFO] PluginManager:220 - loadIPPluginJar : add spi
2024-01-18 02:36:05,888 [INFO] IPUIPlugin:80 - create IPUIPlugin
2024-01-18 02:36:05,888 [INFO] PluginManager:220 - loadIPPluginJar : add stm32_wpan
2024-01-18 02:36:05,889 [INFO] IPUIPlugin:80 - create IPUIPlugin
2024-01-18 02:36:05,889 [INFO] PluginManager:220 - loadIPPluginJar : add tim
2024-01-18 02:36:05,891 [INFO] IPUIPlugin:80 - create IPUIPlugin
2024-01-18 02:36:05,892 [INFO] PluginManager:220 - loadIPPluginJar : add touchsensing
2024-01-18 02:36:05,893 [INFO] IPUIPlugin:80 - create IPUIPlugin
2024-01-18 02:36:05,893 [INFO] PluginManager:220 - loadIPPluginJar : add tracer_emb
2024-01-18 02:36:05,894 [INFO] IPUIPlugin:80 - create IPUIPlugin
2024-01-18 02:36:05,894 [INFO] PluginManager:220 - loadIPPluginJar : add ts
2024-01-18 02:36:05,895 [INFO] IPUIPlugin:80 - create IPUIPlugin
2024-01-18 02:36:05,895 [INFO] PluginManager:220 - loadIPPluginJar : add tsc
2024-01-18 02:36:05,897 [INFO] IPUIPlugin:80 - create IPUIPlugin
2024-01-18 02:36:05,897 [INFO] PluginManager:220 - loadIPPluginJar : add ucpd
2024-01-18 02:36:05,899 [INFO] IPUIPlugin:80 - create IPUIPlugin
2024-01-18 02:36:05,899 [INFO] PluginManager:220 - loadIPPluginJar : add usart
2024-01-18 02:36:05,901 [INFO] IPUIPlugin:80 - create IPUIPlugin
2024-01-18 02:36:05,901 [INFO] PluginManager:220 - loadIPPluginJar : add usbx
2024-01-18 02:36:06,042 [INFO] CADModel:165 - CPN selected for project level
2024-01-18 02:36:06,042 [INFO] CADModel:114 - Register for checkConnection events
2024-01-18 02:36:06,042 [FATAL] Updater:308 - Updater called before beeing initialized
2024-01-18 02:36:06,042 [ERROR] CADModel:125 - Updater not yet initialized, retry later 
2024-01-18 02:36:06,140 [INFO] CADModel:165 - CPN selected for project level
2024-01-18 02:36:06,140 [INFO] CADModel:114 - Register for checkConnection events
2024-01-18 02:36:06,140 [FATAL] Updater:308 - Updater called before beeing initialized
2024-01-18 02:36:06,140 [ERROR] CADModel:125 - Updater not yet initialized, retry later 
2024-01-18 02:36:06,142 [FATAL] Updater:308 - Updater called before beeing initialized
2024-01-18 02:36:06,241 [FATAL] Updater:308 - Updater called before beeing initialized
2024-01-18 02:36:06,244 [INFO] DbMcusAds:53 - JSON generation date=Wed Nov 29 18:52:27 CST 2023 (1701255147349)
2024-01-18 02:36:06,244 [FATAL] Updater:308 - Updater called before beeing initialized
2024-01-18 02:36:06,273 [WARN] DetailPanel:346 - Failed to get advertising image, set to default
2024-01-18 02:36:06,372 [FATAL] Updater:308 - Updater called before beeing initialized
2024-01-18 02:36:06,374 [FATAL] Updater:308 - Updater called before beeing initialized
2024-01-18 02:36:06,374 [FATAL] Updater:308 - Updater called before beeing initialized
2024-01-18 02:36:06,374 [WARN] DetailPanel:346 - Failed to get advertising image, set to default
2024-01-18 02:36:06,375 [FATAL] Updater:308 - Updater called before beeing initialized
2024-01-18 02:36:06,416 [ERROR] Updater:1120 - MainUpdater not yet initialized. External WinMGr cannot be set.
2024-01-18 02:36:06,418 [INFO] Updater:1056 - Updater Version found : 6.10.0
2024-01-18 02:36:06,429 [INFO] ApplicationProperties:184 - Using Application install path: I:\software\STM32CubeIDE_1.14.0\STM32CubeIDE\plugins\com.st.stm32cube.common.mx_6.10.0.202311202037
2024-01-18 02:36:07,096 [INFO] MainUpdater:2873 - connection check result : 10
2024-01-18 02:36:07,096 [INFO] MainUpdater:3567 - Updater definition file requires update
2024-01-18 02:36:07,097 [INFO] MainUpdater:290 - Updater Check For Update Now.
2024-01-18 02:36:07,097 [INFO] MicroXplorer:498 - Change Database Version : DB.6.0.100
2024-01-18 02:36:07,102 [INFO] McuFinderGlobals:63 - Set McuFinder mode to 2 (CubeIDE integrated)
2024-01-18 02:36:07,102 [INFO] UserAuth:180 - activating auth plugin
2024-01-18 02:36:07,104 [INFO] UserAuth:404 - Internet connection configuration mode: 1
2024-01-18 02:36:07,112 [INFO] JxBrowserEngine:152 - Initiate JxBrowser Engine with user profile folder
2024-01-18 02:36:07,113 [INFO] ServerAccessManage:473 - Download File updaters.zip
2024-01-18 02:36:07,157 [INFO] FileExtend:240 - Unzip File : updaters.zip
2024-01-18 02:36:07,157 [INFO] FileExtend:255 - Standard Zip Deflate
2024-01-18 02:36:07,519 [INFO] ServerAccessManage:473 - Download File PacksControlFlags.xml
2024-01-18 02:36:07,589 [INFO] ServerAccessManage:473 - Download File cubemx.pidx
2024-01-18 02:36:07,654 [INFO] WebApp:161 - Instantiating new browser for Auth
2024-01-18 02:36:07,682 [INFO] LoadServerUpdatesThread:375 - End of LoadServerUpdate Thread
2024-01-18 02:36:07,731 [WARN] CheckServerUpdateThread:151 - Open CheckUpdateFile Fail
2024-01-18 02:36:07,854 [INFO] CheckServerUpdateThread:120 - End of CheckServer Thread
2024-01-18 02:36:07,918 [INFO] MainUpdater:2873 - connection check result : 10
2024-01-18 02:36:07,939 [INFO] McuFinderGlobals:76 - Set McuFinderConnectedMode to true
2024-01-18 02:36:08,099 [INFO] ServerAccessManage:473 - Download File mcusAds.json._tmp_
2024-01-18 02:36:08,132 [INFO] WebApp:780 - Register for checkConnection events
2024-01-18 02:36:08,132 [INFO] WebApp:414 - Apply proxy settings
2024-01-18 02:36:08,132 [INFO] WebApp:499 - Chromium requires no authentication
2024-01-18 02:36:08,137 [INFO] WebApp:442 - Direct internet connection detected
2024-01-18 02:36:08,207 [INFO] LoadUrlFilesThread:156 - End of LoadUrlFiles Thread
2024-01-18 02:36:08,259 [INFO] WebApp:192 - Starting web application
2024-01-18 02:36:08,259 [INFO] WebApp:544 - Web application path used I:\software\STM32CubeIDE_1.14.0\STM32CubeIDE\plugins\com.st.stm32cube.common.mx_6.10.0.202311202037\db\plugins\mcufinder\reactClient1\index.html
2024-01-18 02:36:08,408 [WARN] MainUpdater:1194 - Updater busy. Cannot search thirdparties
2024-01-18 02:36:08,408 [INFO] ThirdPartyUpdaterWithRetryManager:96 - Updater plugin is busy. [1/15]
2024-01-18 02:36:10,018 [INFO] ServerAccessManage:473 - Download File cube-finder-db.zip
2024-01-18 02:36:10,826 [INFO] FileExtend:240 - Unzip File : cube-finder-db.zip
2024-01-18 02:36:10,826 [INFO] FileExtend:255 - Standard Zip Deflate
2024-01-18 02:36:11,410 [WARN] MainUpdater:1194 - Updater busy. Cannot search thirdparties
2024-01-18 02:36:11,410 [INFO] ThirdPartyUpdaterWithRetryManager:96 - Updater plugin is busy. [2/15]
2024-01-18 02:36:11,411 [INFO] LoadUrlFilesThread:156 - End of LoadUrlFiles Thread
2024-01-18 02:36:12,864 [INFO] ServerAccessManage:473 - Download File crdb.zip
2024-01-18 02:36:14,411 [WARN] MainUpdater:1194 - Updater busy. Cannot search thirdparties
2024-01-18 02:36:14,411 [INFO] ThirdPartyUpdaterWithRetryManager:96 - Updater plugin is busy. [3/15]
2024-01-18 02:36:17,413 [WARN] MainUpdater:1194 - Updater busy. Cannot search thirdparties
2024-01-18 02:36:17,413 [INFO] ThirdPartyUpdaterWithRetryManager:96 - Updater plugin is busy. [4/15]
2024-01-18 02:36:20,391 [INFO] FileExtend:240 - Unzip File : crdb.zip
2024-01-18 02:36:20,392 [INFO] FileExtend:255 - Standard Zip Deflate
2024-01-18 02:36:20,414 [WARN] MainUpdater:1194 - Updater busy. Cannot search thirdparties
2024-01-18 02:36:20,414 [INFO] ThirdPartyUpdaterWithRetryManager:96 - Updater plugin is busy. [5/15]
2024-01-18 02:36:20,514 [INFO] LoadUrlFilesThread:156 - End of LoadUrlFiles Thread
2024-01-18 02:36:23,416 [WARN] MainUpdater:1194 - Updater busy. Cannot search thirdparties
2024-01-18 02:36:23,416 [INFO] ThirdPartyUpdaterWithRetryManager:96 - Updater plugin is busy. [6/15]
2024-01-18 02:36:26,417 [WARN] MainUpdater:1194 - Updater busy. Cannot search thirdparties
2024-01-18 02:36:26,417 [INFO] ThirdPartyUpdaterWithRetryManager:96 - Updater plugin is busy. [7/15]
2024-01-18 02:36:26,647 [INFO] ServerAccessManage:473 - Download File tutoVideoDB.zip
2024-01-18 02:36:26,658 [INFO] FileExtend:240 - Unzip File : tutoVideoDB.zip
2024-01-18 02:36:26,658 [INFO] FileExtend:255 - Standard Zip Deflate
2024-01-18 02:36:26,771 [INFO] LoadUrlFilesThread:156 - End of LoadUrlFiles Thread
2024-01-18 02:36:26,773 [WARN] DbFile:41 - Overriding database path with different value: C:\Users\king\.stmcufinder\plugins\mcufinder/ => C:\Users\king\.stmcufinder\plugins\mcufinder
2024-01-18 02:36:28,216 [INFO] ServerAccessManage:473 - Download File api_config.json
2024-01-18 02:36:28,325 [INFO] LoadUrlFilesThread:156 - End of LoadUrlFiles Thread
2024-01-18 02:36:28,326 [INFO] DbMcusAds:53 - JSON generation date=Wed Nov 29 18:52:27 CST 2023 (1701255147200)
2024-01-18 02:36:28,340 [INFO] LoadUrlFilesThread:185 - End of LoadServerUrlFiles without Thread
2024-01-18 02:36:28,340 [INFO] TargetSelectorAdapter:259 - Refresh data is successful
2024-01-18 02:36:28,396 [INFO] ApiDb:581 - Connected to CubeFinder SQLite database (C:\Users\king\.stmcufinder\plugins\mcufinder\mcu\cube-finder-db.db)
2024-01-18 02:36:28,455 [INFO] ApiDb:668 - CubeFinder database Data Model version=2.1
2024-01-18 02:36:28,455 [INFO] ApiDb:669 - CubeFinder database Configuration version=3.0.39
2024-01-18 02:36:28,455 [INFO] ApiDb:670 - CubeFinder database generation date=2023-12-08 (1702028721)
2024-01-18 02:36:28,455 [INFO] ApiDb:671 - CubeFinder database FW Pack versions=[FP-ATR-ASTRA1_V2.0.0, FP-SNS-FLIGHT1_V5.0.1, FP-SNS-FLIGHT1_V5.0.2, FP-SNS-MOTENV1_V4.3.1, FP-SNS-MOTENV1_V4.3.2, FP-SNS-MOTENVWB1_V1.3.1, FP-SNS-SMARTAG2_V1.2.0, STM32Cube_FW_C0_V1.1.0, STM32Cube_FW_F4_V1.28.0, STM32Cube_FW_F7_V1.17.0, STM32Cube_FW_G0_V1.6.1, STM32Cube_FW_G4_V1.5.1, STM32Cube_FW_H5_V0.5.1, STM32Cube_FW_H5_V1.1.1, STM32Cube_FW_H5_V1.2.0RC2, STM32Cube_FW_H7_V1.11.0, STM32Cube_FW_L0_V1.12.2, STM32Cube_FW_L5_V1.5.0, STM32Cube_FW_U5_V1.3.0RC4, STM32Cube_FW_U5_V1.4.0, STM32Cube_FW_WBA_V1.0.0RC1, STM32Cube_FW_WBA_V1.1.0RC1, STM32Cube_FW_WBA_V1.2.0, STM32Cube_FW_WBA_V1.2.0RC2, STM32Cube_FW_WB_V1.15.0RC1, STM32Cube_FW_WB_V1.16.0, STM32Cube_FW_WB_V1.16.0RC2, STM32Cube_FW_WB_V1.18.0, STM32Cube_FW_WL_V1.3.0, X-CUBE-ALGOBUILD_V1.3.0, X-CUBE-ALS_V1.0.1, X-CUBE-AZRTOS-F4_V1.1.0, X-CUBE-AZRTOS-F7_V1.1.0, X-CUBE-AZRTOS-G0_V1.1.0, X-CUBE-AZRTOS-G4_V2.0.0, X-CUBE-AZRTOS-H7_V3.1.0, X-CUBE-AZRTOS-L4_V1.0.0, X-CUBE-AZRTOS-L4_V2.0.0, X-CUBE-AZRTOS-L5_V1.1.0, X-CUBE-AZRTOS-WB_V2.0.0, X-CUBE-AZRTOS-WL_V2.0.0, X-CUBE-BLE1_V7.0.0, X-CUBE-BLE2_V3.3.0, X-CUBE-BLEMGR_V3.0.0, X-CUBE-EEPRMA1_V4.1.0, X-CUBE-EEPRMA1_V4.2.0, X-CUBE-FREERTOS_V1.1.0, X-CUBE-GNSS1_V6.0.0, X-CUBE-MEMS1_V10.0.0, X-CUBE-MEMS1_V9.1.0, X-CUBE-MEMS1_V9.4.0, X-CUBE-MEMS1_V9.6.0, X-CUBE-NFC4_V3.0.0, X-CUBE-NFC7_V1.0.1, X-CUBE-SFXS2LP1_V4.0.0, X-CUBE-SUBG2_V5.0.0, X-CUBE-TOF1_V3.4.0]
2024-01-18 02:36:28,781 [ERROR] LogOutputStream:75 - [STDERR_REDIRECT] SLF4J: Failed to load class "org.slf4j.impl.StaticLoggerBinder".
2024-01-18 02:36:28,782 [ERROR] LogOutputStream:75 - [STDERR_REDIRECT] SLF4J: Defaulting to no-operation (NOP) logger implementation
2024-01-18 02:36:28,783 [ERROR] LogOutputStream:75 - [STDERR_REDIRECT] SLF4J: See http://www.slf4j.org/codes.html#StaticLoggerBinder for further details.
2024-01-18 02:36:29,512 [WARN] PackLoader:240 - Cannot read IP mode file for STMicroelectronics.FP-SNS-FLIGHT1.5.0.2
2024-01-18 02:36:29,517 [WARN] PackLoader:240 - Cannot read IP mode file for STMicroelectronics.FP-ATR-SIGFOX1.3.2.0
2024-01-18 02:36:29,521 [WARN] PackLoader:240 - Cannot read IP mode file for STMicroelectronics.FP-ATR-ASTRA1.2.0.0
2024-01-18 02:36:29,522 [INFO] ThirdParty:978 - Integrity check success = true
2024-01-18 02:36:29,522 [INFO] IntegrityCheckThread:100 - exiting critical section [integrity check]
2024-01-18 02:36:29,522 [INFO] IntegrityCheckThread:103 - End integrity checks thread
2024-01-18 02:36:30,003 [INFO] ApiDb:240 - Found 371 in-development CPN: [B-G473E-ZEST1S, B-WB1M-WPAN1, B-WL5M-SUBG1, NUCLEO-C031C6, NUCLEO-H503RB, NUCLEO-H563ZI, NUCLEO-U545RE-Q, NUCLEO-U5A5ZJ-Q, NUCLEO-WBA52CG, NUCLEO-WBA55CG, STEVAL-MKBOXPRO, STEVAL-PROTEUS1, STEVAL-STWINBX1, STM320518-EVAL, STM32C0116-DK, STM32C011D6Y3TR, STM32C011D6Y6TR, STM32C011F4P3, STM32C011F4P6, STM32C011F4U3, STM32C011F4U6TR, STM32C011F6P3, STM32C011F6P6, STM32C011F6U3, STM32C011F6U6TR, STM32C011J4M3, STM32C011J4M6, STM32C011J6M3, STM32C011J6M6, STM32C0316-DK, STM32C031C4T3, STM32C031C4T6, STM32C031C4U3, STM32C031C4U6, STM32C031C6T3, STM32C031C6T6, STM32C031C6U3, STM32C031C6U6, STM32C031F4P3, STM32C031F4P6, STM32C031F6P3, STM32C031F6P6, STM32C031G4U3, STM32C031G4U6, STM32C031G6U3, STM32C031G6U6, STM32C031K4T3, STM32C031K4T6, STM32C031K4U3, STM32C031K4U6, STM32C031K6T3, STM32C031K6T6, STM32C031K6U3, STM32C031K6U6, STM32G071K8TXN, STM32G071K8UXN, STM32G081GBU6N, STM32G081KBT6N, STM32G081KBUXN, STM32G0B1CCT6N, STM32G0B1KCT6, STM32G0B1NEY6TR, STM32G0B1RCT6N, STM32G0C1CCT6, STM32G0C1CCT6N, STM32G0C1CCU6N, STM32G0C1CET6N, STM32G0C1CEU6N, STM32G0C1KCT6, STM32G0C1NEY6TR, STM32G0C1RCI6N, STM32G0C1RCT6N, STM32G0C1REI6N, STM32G0C1RET6N, STM32G0C1VCI6, STM32G0C1VEI6, STM32G471CCT6, STM32G471CCU6, STM32G471CET3, STM32G471CET6, STM32G471CEU3, STM32G471CEU6, STM32G471MCT6, STM32G471MET3, STM32G471MET6, STM32G471MEY6TR, STM32G471QCT6, STM32G471QET3, STM32G471RCT6, STM32G471RET3, STM32G471RET6, STM32G471VCH6, STM32G471VCI6, STM32G471VCT6, STM32G471VEH3, STM32G471VEH6, STM32G471VEI3, STM32G471VEI6, STM32G471VET3, STM32G471VET6, STM32G474CCT6, STM32H503CBT6, STM32H503CBU6, STM32H503EBY6TR, STM32H503KBU6, STM32H503RBT6, STM32H562AGI6, STM32H562AII6, STM32H562IGK6, STM32H562IGT6, STM32H562IIK6, STM32H562IIT6, STM32H562RGT6, STM32H562RGV6, STM32H562RIT6, STM32H562RIV6, STM32H562VGT6, STM32H562VIT6, STM32H562ZGT6, STM32H562ZIT6, STM32H563AGI6, STM32H563AII3Q, STM32H563AII6, STM32H563IGK6, STM32H563IGT6, STM32H563IIK3Q, STM32H563IIK6, STM32H563IIT3Q, STM32H563IIT6, STM32H563MIY3QTR, STM32H563RGT6, STM32H563RGV6, STM32H563RIT6, STM32H563RIV6, STM32H563VGT6, STM32H563VIT3Q, STM32H563VIT6, STM32H563ZGT6, STM32H563ZIT3Q, STM32H563ZIT6, STM32H573AII3Q, STM32H573AII6, STM32H573I-DK, STM32H573IIK3Q, STM32H573IIK6, STM32H573IIT3Q, STM32H573IIT6, STM32H573MIY3QTR, STM32H573RIT6, STM32H573RIV6, STM32H573VIT3Q, STM32H573VIT6, STM32H573ZIT3Q, STM32H573ZIT6, STM32L4R5QGI6STR, STM32MP131AAE3, STM32MP131AAF3, STM32MP131AAG3, STM32MP131CAE3, STM32MP131CAF3, STM32MP131CAG3, STM32MP131DAE7, STM32MP131DAF7, STM32MP131DAG7, STM32MP131FAE7, STM32MP131FAF7, STM32MP131FAG7, STM32MP133AAE3, STM32MP133AAF3, STM32MP133AAG3, STM32MP133CAE3, STM32MP133CAF3, STM32MP133CAG3, STM32MP133DAE7, STM32MP133DAF7, STM32MP133DAG7, STM32MP133FAE7, STM32MP133FAF7, STM32MP133FAG7, STM32MP135AAE3, STM32MP135AAF3, STM32MP135AAG3, STM32MP135CAE3, STM32MP135CAF3, STM32MP135CAG3, STM32MP135DAE7, STM32MP135DAF7, STM32MP135DAG7, STM32MP135F-DK, STM32MP135FAE7, STM32MP135FAF7, STM32MP135FAF7T, STM32MP135FAF7U, STM32MP135FAG7, STM32U535CBT6, STM32U535CBT6Q, STM32U535CBU6, STM32U535CBU6Q, STM32U535CCT6, STM32U535CCT6Q, STM32U535CCU6, STM32U535CCU6Q, STM32U535CET6, STM32U535CET6Q, STM32U535CEU6, STM32U535CEU6Q, STM32U535JEY6QTR, STM32U535NCY6QTR, STM32U535NEY6QTR, STM32U535RBI6, STM32U535RBI6Q, STM32U535RBT6, STM32U535RBT6Q, STM32U535RCI6, STM32U535RCI6Q, STM32U535RCT6, STM32U535RCT6Q, STM32U535REI6, STM32U535REI6Q, STM32U535RET6, STM32U535RET6Q, STM32U535VCI6, STM32U535VCI6Q, STM32U535VCT6, STM32U535VCT6Q, STM32U535VEI6, STM32U535VEI6Q, STM32U535VET6, STM32U535VET6Q, STM32U545CET6, STM32U545CET6Q, STM32U545CEU6, STM32U545CEU6Q, STM32U545JEY6QTR, STM32U545NEY6QTR, STM32U545REI6, STM32U545REI6Q, STM32U545RET6, STM32U545RET6Q, STM32U545VEI6, STM32U545VEI6Q, STM32U545VET6, STM32U545VET6Q, STM32U595AIH6, STM32U595AIH6Q, STM32U595AJH6, STM32U595AJH6Q, STM32U595QII6, STM32U595QII6Q, STM32U595QJI6, STM32U595QJI6Q, STM32U595RIT6, STM32U595RIT6Q, STM32U595RJT6, STM32U595RJT6Q, STM32U595VIT6, STM32U595VIT6Q, STM32U595VJT6, STM32U595VJT6Q, STM32U595ZIT6, STM32U595ZIT6Q, STM32U595ZIY6QTR, STM32U595ZJT6, STM32U595ZJT6Q, STM32U595ZJY6QTR, STM32U599BJY6QTR, STM32U599NIH6Q, STM32U599NJH6Q, STM32U599VIT6Q, STM32U599VJT6, STM32U599VJT6Q, STM32U599ZIT6Q, STM32U599ZIY6QTR, STM32U599ZJT6Q, STM32U599ZJY6QTR, STM32U5A5AJH6, STM32U5A5AJH6Q, STM32U5A5QJI6, STM32U5A5QJI6Q, STM32U5A5RJT6, STM32U5A5RJT6Q, STM32U5A5VJT6, STM32U5A5VJT6Q, STM32U5A5ZJT6, STM32U5A5ZJT6Q, STM32U5A5ZJY6QTR, STM32U5A9BJY6QTR, STM32U5A9J-DK, STM32U5A9NJH6Q, STM32U5A9VJT6Q, STM32U5A9ZJT6Q, STM32U5A9ZJY6QTR, STM32U5F7VIT6, STM32U5F7VIT6Q, STM32U5F7VJT6, STM32U5F7VJT6Q, STM32U5F9BJY6QTR, STM32U5F9NJH6Q, STM32U5F9VIT6Q, STM32U5F9VJT6Q, STM32U5F9ZIJ6QTR, STM32U5F9ZIT6Q, STM32U5F9ZJJ6QTR, STM32U5F9ZJT6Q, STM32U5G7VJT6, STM32U5G7VJT6Q, STM32U5G9BJY6QTR, STM32U5G9J-DK1, STM32U5G9J-DK2, STM32U5G9NJH6Q, STM32U5G9VJT6Q, STM32U5G9ZJJ6QTR, STM32U5G9ZJT6Q, STM32WB1MMCH6, STM32WBA50KEU6, STM32WBA50KEU6TR, STM32WBA50KGU6, STM32WBA50KGU6TR, STM32WBA52CEU6, STM32WBA52CEU6TR, STM32WBA52CEU7, STM32WBA52CEU7TR, STM32WBA52CGU6, STM32WBA52CGU6TR, STM32WBA52CGU6U, STM32WBA52CGU7, STM32WBA52CGU7TR, STM32WBA52KEU6, STM32WBA52KEU6TR, STM32WBA52KGU6, STM32WBA52KGU6TR, STM32WBA54CEU6, STM32WBA54CEU6TR, STM32WBA54CEU7, STM32WBA54CEU7TR, STM32WBA54CGU6, STM32WBA54CGU6TR, STM32WBA54CGU7, STM32WBA54CGU7TR, STM32WBA54KEU6, STM32WBA54KEU6TR, STM32WBA54KEU7, STM32WBA54KEU7TR, STM32WBA54KGU6, STM32WBA54KGU6TR, STM32WBA54KGU7, STM32WBA54KGU7TR, STM32WBA55CEU6, STM32WBA55CEU6TR, STM32WBA55CEU7, STM32WBA55CEU7TR, STM32WBA55CGU6, STM32WBA55CGU6TR, STM32WBA55CGU6U, STM32WBA55CGU7, STM32WBA55CGU7TR, STM32WBA55G-DK1, STM32WBA55HEF6, STM32WBA55HEF7, STM32WBA55HGF6, STM32WBA55HGF7, STM32WBA55UEI6, STM32WBA55UEI6TR, STM32WBA55UEI7, STM32WBA55UEI7TR, STM32WBA55UGI6, STM32WBA55UGI6TR, STM32WBA55UGI7, STM32WBA55UGI7TR, STM32WL5MOCH6, STM32WL5MOCH6TR]
2024-01-18 02:36:30,006 [INFO] DbMcus:218 - Found 3930 MCUs, 3930 are supported
2024-01-18 02:36:30,006 [INFO] ApiDb:423 - Load user favorites file C:\Users\king/.stm32cubeide/favorites.mcus.txt: 0 item(s)
2024-01-18 02:36:30,007 [INFO] ApiDb:427 - User favorites MCUs=[]
2024-01-18 02:36:30,007 [INFO] DbMcus:224 - Set 0 / 0 favorites MCUs
2024-01-18 02:36:30,194 [INFO] ApiDb:668 - CubeFinder database Data Model version=2.1
2024-01-18 02:36:30,194 [INFO] ApiDb:669 - CubeFinder database Configuration version=3.0.39
2024-01-18 02:36:30,194 [INFO] ApiDb:670 - CubeFinder database generation date=2023-12-08 (1702028721)
2024-01-18 02:36:30,194 [INFO] ApiDb:671 - CubeFinder database FW Pack versions=[FP-ATR-ASTRA1_V2.0.0, FP-SNS-FLIGHT1_V5.0.1, FP-SNS-FLIGHT1_V5.0.2, FP-SNS-MOTENV1_V4.3.1, FP-SNS-MOTENV1_V4.3.2, FP-SNS-MOTENVWB1_V1.3.1, FP-SNS-SMARTAG2_V1.2.0, STM32Cube_FW_C0_V1.1.0, STM32Cube_FW_F4_V1.28.0, STM32Cube_FW_F7_V1.17.0, STM32Cube_FW_G0_V1.6.1, STM32Cube_FW_G4_V1.5.1, STM32Cube_FW_H5_V0.5.1, STM32Cube_FW_H5_V1.1.1, STM32Cube_FW_H5_V1.2.0RC2, STM32Cube_FW_H7_V1.11.0, STM32Cube_FW_L0_V1.12.2, STM32Cube_FW_L5_V1.5.0, STM32Cube_FW_U5_V1.3.0RC4, STM32Cube_FW_U5_V1.4.0, STM32Cube_FW_WBA_V1.0.0RC1, STM32Cube_FW_WBA_V1.1.0RC1, STM32Cube_FW_WBA_V1.2.0, STM32Cube_FW_WBA_V1.2.0RC2, STM32Cube_FW_WB_V1.15.0RC1, STM32Cube_FW_WB_V1.16.0, STM32Cube_FW_WB_V1.16.0RC2, STM32Cube_FW_WB_V1.18.0, STM32Cube_FW_WL_V1.3.0, X-CUBE-ALGOBUILD_V1.3.0, X-CUBE-ALS_V1.0.1, X-CUBE-AZRTOS-F4_V1.1.0, X-CUBE-AZRTOS-F7_V1.1.0, X-CUBE-AZRTOS-G0_V1.1.0, X-CUBE-AZRTOS-G4_V2.0.0, X-CUBE-AZRTOS-H7_V3.1.0, X-CUBE-AZRTOS-L4_V1.0.0, X-CUBE-AZRTOS-L4_V2.0.0, X-CUBE-AZRTOS-L5_V1.1.0, X-CUBE-AZRTOS-WB_V2.0.0, X-CUBE-AZRTOS-WL_V2.0.0, X-CUBE-BLE1_V7.0.0, X-CUBE-BLE2_V3.3.0, X-CUBE-BLEMGR_V3.0.0, X-CUBE-EEPRMA1_V4.1.0, X-CUBE-EEPRMA1_V4.2.0, X-CUBE-FREERTOS_V1.1.0, X-CUBE-GNSS1_V6.0.0, X-CUBE-MEMS1_V10.0.0, X-CUBE-MEMS1_V9.1.0, X-CUBE-MEMS1_V9.4.0, X-CUBE-MEMS1_V9.6.0, X-CUBE-NFC4_V3.0.0, X-CUBE-NFC7_V1.0.1, X-CUBE-SFXS2LP1_V4.0.0, X-CUBE-SUBG2_V5.0.0, X-CUBE-TOF1_V3.4.0]
2024-01-18 02:36:30,237 [INFO] DbBoardsSqlite:226 - include board P-NUCLEO-WB55-NUCLEO as a kit item of type 'Nucleo-64'
2024-01-18 02:36:30,237 [INFO] DbBoardsSqlite:226 - include board P-NUCLEO-WB55-USBDONGLE as a kit item of type 'Nucleo USB Dongle'
2024-01-18 02:36:30,237 [INFO] DbBoardsSqlite:226 - include board STEVAL-IDP005V1 as a kit item of type 'Evaluation Board'
2024-01-18 02:36:30,237 [INFO] DbBoardsSqlite:226 - include board STEVAL-IDP005V2 as a kit item of type 'Evaluation Board'
2024-01-18 02:36:30,281 [INFO] ApiDb:240 - Found 371 in-development CPN: [B-G473E-ZEST1S, B-WB1M-WPAN1, B-WL5M-SUBG1, NUCLEO-C031C6, NUCLEO-H503RB, NUCLEO-H563ZI, NUCLEO-U545RE-Q, NUCLEO-U5A5ZJ-Q, NUCLEO-WBA52CG, NUCLEO-WBA55CG, STEVAL-MKBOXPRO, STEVAL-PROTEUS1, STEVAL-STWINBX1, STM320518-EVAL, STM32C0116-DK, STM32C011D6Y3TR, STM32C011D6Y6TR, STM32C011F4P3, STM32C011F4P6, STM32C011F4U3, STM32C011F4U6TR, STM32C011F6P3, STM32C011F6P6, STM32C011F6U3, STM32C011F6U6TR, STM32C011J4M3, STM32C011J4M6, STM32C011J6M3, STM32C011J6M6, STM32C0316-DK, STM32C031C4T3, STM32C031C4T6, STM32C031C4U3, STM32C031C4U6, STM32C031C6T3, STM32C031C6T6, STM32C031C6U3, STM32C031C6U6, STM32C031F4P3, STM32C031F4P6, STM32C031F6P3, STM32C031F6P6, STM32C031G4U3, STM32C031G4U6, STM32C031G6U3, STM32C031G6U6, STM32C031K4T3, STM32C031K4T6, STM32C031K4U3, STM32C031K4U6, STM32C031K6T3, STM32C031K6T6, STM32C031K6U3, STM32C031K6U6, STM32G071K8TXN, STM32G071K8UXN, STM32G081GBU6N, STM32G081KBT6N, STM32G081KBUXN, STM32G0B1CCT6N, STM32G0B1KCT6, STM32G0B1NEY6TR, STM32G0B1RCT6N, STM32G0C1CCT6, STM32G0C1CCT6N, STM32G0C1CCU6N, STM32G0C1CET6N, STM32G0C1CEU6N, STM32G0C1KCT6, STM32G0C1NEY6TR, STM32G0C1RCI6N, STM32G0C1RCT6N, STM32G0C1REI6N, STM32G0C1RET6N, STM32G0C1VCI6, STM32G0C1VEI6, STM32G471CCT6, STM32G471CCU6, STM32G471CET3, STM32G471CET6, STM32G471CEU3, STM32G471CEU6, STM32G471MCT6, STM32G471MET3, STM32G471MET6, STM32G471MEY6TR, STM32G471QCT6, STM32G471QET3, STM32G471RCT6, STM32G471RET3, STM32G471RET6, STM32G471VCH6, STM32G471VCI6, STM32G471VCT6, STM32G471VEH3, STM32G471VEH6, STM32G471VEI3, STM32G471VEI6, STM32G471VET3, STM32G471VET6, STM32G474CCT6, STM32H503CBT6, STM32H503CBU6, STM32H503EBY6TR, STM32H503KBU6, STM32H503RBT6, STM32H562AGI6, STM32H562AII6, STM32H562IGK6, STM32H562IGT6, STM32H562IIK6, STM32H562IIT6, STM32H562RGT6, STM32H562RGV6, STM32H562RIT6, STM32H562RIV6, STM32H562VGT6, STM32H562VIT6, STM32H562ZGT6, STM32H562ZIT6, STM32H563AGI6, STM32H563AII3Q, STM32H563AII6, STM32H563IGK6, STM32H563IGT6, STM32H563IIK3Q, STM32H563IIK6, STM32H563IIT3Q, STM32H563IIT6, STM32H563MIY3QTR, STM32H563RGT6, STM32H563RGV6, STM32H563RIT6, STM32H563RIV6, STM32H563VGT6, STM32H563VIT3Q, STM32H563VIT6, STM32H563ZGT6, STM32H563ZIT3Q, STM32H563ZIT6, STM32H573AII3Q, STM32H573AII6, STM32H573I-DK, STM32H573IIK3Q, STM32H573IIK6, STM32H573IIT3Q, STM32H573IIT6, STM32H573MIY3QTR, STM32H573RIT6, STM32H573RIV6, STM32H573VIT3Q, STM32H573VIT6, STM32H573ZIT3Q, STM32H573ZIT6, STM32L4R5QGI6STR, STM32MP131AAE3, STM32MP131AAF3, STM32MP131AAG3, STM32MP131CAE3, STM32MP131CAF3, STM32MP131CAG3, STM32MP131DAE7, STM32MP131DAF7, STM32MP131DAG7, STM32MP131FAE7, STM32MP131FAF7, STM32MP131FAG7, STM32MP133AAE3, STM32MP133AAF3, STM32MP133AAG3, STM32MP133CAE3, STM32MP133CAF3, STM32MP133CAG3, STM32MP133DAE7, STM32MP133DAF7, STM32MP133DAG7, STM32MP133FAE7, STM32MP133FAF7, STM32MP133FAG7, STM32MP135AAE3, STM32MP135AAF3, STM32MP135AAG3, STM32MP135CAE3, STM32MP135CAF3, STM32MP135CAG3, STM32MP135DAE7, STM32MP135DAF7, STM32MP135DAG7, STM32MP135F-DK, STM32MP135FAE7, STM32MP135FAF7, STM32MP135FAF7T, STM32MP135FAF7U, STM32MP135FAG7, STM32U535CBT6, STM32U535CBT6Q, STM32U535CBU6, STM32U535CBU6Q, STM32U535CCT6, STM32U535CCT6Q, STM32U535CCU6, STM32U535CCU6Q, STM32U535CET6, STM32U535CET6Q, STM32U535CEU6, STM32U535CEU6Q, STM32U535JEY6QTR, STM32U535NCY6QTR, STM32U535NEY6QTR, STM32U535RBI6, STM32U535RBI6Q, STM32U535RBT6, STM32U535RBT6Q, STM32U535RCI6, STM32U535RCI6Q, STM32U535RCT6, STM32U535RCT6Q, STM32U535REI6, STM32U535REI6Q, STM32U535RET6, STM32U535RET6Q, STM32U535VCI6, STM32U535VCI6Q, STM32U535VCT6, STM32U535VCT6Q, STM32U535VEI6, STM32U535VEI6Q, STM32U535VET6, STM32U535VET6Q, STM32U545CET6, STM32U545CET6Q, STM32U545CEU6, STM32U545CEU6Q, STM32U545JEY6QTR, STM32U545NEY6QTR, STM32U545REI6, STM32U545REI6Q, STM32U545RET6, STM32U545RET6Q, STM32U545VEI6, STM32U545VEI6Q, STM32U545VET6, STM32U545VET6Q, STM32U595AIH6, STM32U595AIH6Q, STM32U595AJH6, STM32U595AJH6Q, STM32U595QII6, STM32U595QII6Q, STM32U595QJI6, STM32U595QJI6Q, STM32U595RIT6, STM32U595RIT6Q, STM32U595RJT6, STM32U595RJT6Q, STM32U595VIT6, STM32U595VIT6Q, STM32U595VJT6, STM32U595VJT6Q, STM32U595ZIT6, STM32U595ZIT6Q, STM32U595ZIY6QTR, STM32U595ZJT6, STM32U595ZJT6Q, STM32U595ZJY6QTR, STM32U599BJY6QTR, STM32U599NIH6Q, STM32U599NJH6Q, STM32U599VIT6Q, STM32U599VJT6, STM32U599VJT6Q, STM32U599ZIT6Q, STM32U599ZIY6QTR, STM32U599ZJT6Q, STM32U599ZJY6QTR, STM32U5A5AJH6, STM32U5A5AJH6Q, STM32U5A5QJI6, STM32U5A5QJI6Q, STM32U5A5RJT6, STM32U5A5RJT6Q, STM32U5A5VJT6, STM32U5A5VJT6Q, STM32U5A5ZJT6, STM32U5A5ZJT6Q, STM32U5A5ZJY6QTR, STM32U5A9BJY6QTR, STM32U5A9J-DK, STM32U5A9NJH6Q, STM32U5A9VJT6Q, STM32U5A9ZJT6Q, STM32U5A9ZJY6QTR, STM32U5F7VIT6, STM32U5F7VIT6Q, STM32U5F7VJT6, STM32U5F7VJT6Q, STM32U5F9BJY6QTR, STM32U5F9NJH6Q, STM32U5F9VIT6Q, STM32U5F9VJT6Q, STM32U5F9ZIJ6QTR, STM32U5F9ZIT6Q, STM32U5F9ZJJ6QTR, STM32U5F9ZJT6Q, STM32U5G7VJT6, STM32U5G7VJT6Q, STM32U5G9BJY6QTR, STM32U5G9J-DK1, STM32U5G9J-DK2, STM32U5G9NJH6Q, STM32U5G9VJT6Q, STM32U5G9ZJJ6QTR, STM32U5G9ZJT6Q, STM32WB1MMCH6, STM32WBA50KEU6, STM32WBA50KEU6TR, STM32WBA50KGU6, STM32WBA50KGU6TR, STM32WBA52CEU6, STM32WBA52CEU6TR, STM32WBA52CEU7, STM32WBA52CEU7TR, STM32WBA52CGU6, STM32WBA52CGU6TR, STM32WBA52CGU6U, STM32WBA52CGU7, STM32WBA52CGU7TR, STM32WBA52KEU6, STM32WBA52KEU6TR, STM32WBA52KGU6, STM32WBA52KGU6TR, STM32WBA54CEU6, STM32WBA54CEU6TR, STM32WBA54CEU7, STM32WBA54CEU7TR, STM32WBA54CGU6, STM32WBA54CGU6TR, STM32WBA54CGU7, STM32WBA54CGU7TR, STM32WBA54KEU6, STM32WBA54KEU6TR, STM32WBA54KEU7, STM32WBA54KEU7TR, STM32WBA54KGU6, STM32WBA54KGU6TR, STM32WBA54KGU7, STM32WBA54KGU7TR, STM32WBA55CEU6, STM32WBA55CEU6TR, STM32WBA55CEU7, STM32WBA55CEU7TR, STM32WBA55CGU6, STM32WBA55CGU6TR, STM32WBA55CGU6U, STM32WBA55CGU7, STM32WBA55CGU7TR, STM32WBA55G-DK1, STM32WBA55HEF6, STM32WBA55HEF7, STM32WBA55HGF6, STM32WBA55HGF7, STM32WBA55UEI6, STM32WBA55UEI6TR, STM32WBA55UEI7, STM32WBA55UEI7TR, STM32WBA55UGI6, STM32WBA55UGI6TR, STM32WBA55UGI7, STM32WBA55UGI7TR, STM32WL5MOCH6, STM32WL5MOCH6TR]
2024-01-18 02:36:30,355 [INFO] BoardInfo:889 - No configuration file found for board P-NUCLEO-WB55
2024-01-18 02:36:30,355 [INFO] DbBoards:161 - Kit is not supported: P-NUCLEO-WB55
2024-01-18 02:36:30,358 [INFO] BoardInfo:889 - No configuration file found for board STEVAL-BFA001V1B
2024-01-18 02:36:30,359 [INFO] DbBoards:161 - Kit is not supported: STEVAL-BFA001V1B
2024-01-18 02:36:30,359 [INFO] BoardInfo:889 - No configuration file found for board STEVAL-BFA001V2B
2024-01-18 02:36:30,360 [INFO] DbBoards:161 - Kit is not supported: STEVAL-BFA001V2B
2024-01-18 02:36:30,455 [INFO] DbBoards:168 - Found 193 boards, 190 are supported
2024-01-18 02:36:30,455 [INFO] DbBoards:169 - Found 193 boards, 3 of them is supported for  Bsp
2024-01-18 02:36:30,457 [INFO] ApiDb:414 - User favorites file not found: C:\Users\king/.stm32cubeide/favorites.boards.txt
2024-01-18 02:36:30,457 [INFO] DbBoards:198 - Set 0 / 0 favorites Boards
2024-01-18 02:36:30,459 [INFO] ApiDb:668 - CubeFinder database Data Model version=2.1
2024-01-18 02:36:30,459 [INFO] ApiDb:669 - CubeFinder database Configuration version=3.0.39
2024-01-18 02:36:30,459 [INFO] ApiDb:670 - CubeFinder database generation date=2023-12-08 (1702028721)
2024-01-18 02:36:30,459 [INFO] ApiDb:671 - CubeFinder database FW Pack versions=[FP-ATR-ASTRA1_V2.0.0, FP-SNS-FLIGHT1_V5.0.1, FP-SNS-FLIGHT1_V5.0.2, FP-SNS-MOTENV1_V4.3.1, FP-SNS-MOTENV1_V4.3.2, FP-SNS-MOTENVWB1_V1.3.1, FP-SNS-SMARTAG2_V1.2.0, STM32Cube_FW_C0_V1.1.0, STM32Cube_FW_F4_V1.28.0, STM32Cube_FW_F7_V1.17.0, STM32Cube_FW_G0_V1.6.1, STM32Cube_FW_G4_V1.5.1, STM32Cube_FW_H5_V0.5.1, STM32Cube_FW_H5_V1.1.1, STM32Cube_FW_H5_V1.2.0RC2, STM32Cube_FW_H7_V1.11.0, STM32Cube_FW_L0_V1.12.2, STM32Cube_FW_L5_V1.5.0, STM32Cube_FW_U5_V1.3.0RC4, STM32Cube_FW_U5_V1.4.0, STM32Cube_FW_WBA_V1.0.0RC1, STM32Cube_FW_WBA_V1.1.0RC1, STM32Cube_FW_WBA_V1.2.0, STM32Cube_FW_WBA_V1.2.0RC2, STM32Cube_FW_WB_V1.15.0RC1, STM32Cube_FW_WB_V1.16.0, STM32Cube_FW_WB_V1.16.0RC2, STM32Cube_FW_WB_V1.18.0, STM32Cube_FW_WL_V1.3.0, X-CUBE-ALGOBUILD_V1.3.0, X-CUBE-ALS_V1.0.1, X-CUBE-AZRTOS-F4_V1.1.0, X-CUBE-AZRTOS-F7_V1.1.0, X-CUBE-AZRTOS-G0_V1.1.0, X-CUBE-AZRTOS-G4_V2.0.0, X-CUBE-AZRTOS-H7_V3.1.0, X-CUBE-AZRTOS-L4_V1.0.0, X-CUBE-AZRTOS-L4_V2.0.0, X-CUBE-AZRTOS-L5_V1.1.0, X-CUBE-AZRTOS-WB_V2.0.0, X-CUBE-AZRTOS-WL_V2.0.0, X-CUBE-BLE1_V7.0.0, X-CUBE-BLE2_V3.3.0, X-CUBE-BLEMGR_V3.0.0, X-CUBE-EEPRMA1_V4.1.0, X-CUBE-EEPRMA1_V4.2.0, X-CUBE-FREERTOS_V1.1.0, X-CUBE-GNSS1_V6.0.0, X-CUBE-MEMS1_V10.0.0, X-CUBE-MEMS1_V9.1.0, X-CUBE-MEMS1_V9.4.0, X-CUBE-MEMS1_V9.6.0, X-CUBE-NFC4_V3.0.0, X-CUBE-NFC7_V1.0.1, X-CUBE-SFXS2LP1_V4.0.0, X-CUBE-SUBG2_V5.0.0, X-CUBE-TOF1_V3.4.0]
2024-01-18 02:36:30,987 [ERROR] DbExamplesSqlite:437 - Missing JSON key: board_cpn
2024-01-18 02:36:30,987 [ERROR] DbExamplesSqlite:437 - Missing JSON key: board_cpn
2024-01-18 02:36:30,987 [ERROR] DbExamplesSqlite:437 - Missing JSON key: board_cpn
2024-01-18 02:36:30,987 [ERROR] DbExamplesSqlite:437 - Missing JSON key: board_cpn
2024-01-18 02:36:31,015 [INFO] DbExamplesSqlite:395 - Ignored 55 examples not supported by CubeIDE
2024-01-18 02:36:31,015 [INFO] DbExamplesSqlite:396 - Found 7560 examples active
2024-01-18 02:36:31,015 [INFO] DbExamplesSqlite:397 - Found 844 examples obsolete
2024-01-18 02:36:31,015 [INFO] DbExamplesSqlite:398 - Found 0 examples under development
2024-01-18 02:36:31,015 [INFO] DbExamplesSqlite:399 - Found 8 examples not building
2024-01-18 02:36:31,017 [INFO] DbExamples:125 - Found 7513 examples
2024-01-18 02:36:31,025 [INFO] DbExamples:222 - Found 95 boards with related examples
2024-01-18 02:36:31,026 [INFO] DbExamples:235 - Found 80 MCUs with related examples
2024-01-18 02:36:31,040 [INFO] ApiDb:414 - User favorites file not found: C:\Users\king/.stm32cubeide/favorites.examples.txt
2024-01-18 02:36:31,040 [INFO] DbExamples:250 - Set 0 / 0 favorites Examples
2024-01-18 02:36:31,269 [INFO] McuFinderGlobals:76 - Set McuFinderConnectedMode to true
2024-01-18 02:36:31,275 [INFO] MultiScanPanel:200 - Auto-refresh data requested => check proxy status ongoing
2024-01-18 02:36:31,277 [INFO] FinderPluginLoader:95 - Searching for filters in installed packs
2024-01-18 02:36:32,099 [INFO] LoadUrlFilesThread:185 - End of LoadServerUrlFiles without Thread
2024-01-18 02:36:32,108 [INFO] DetailPanel:341 - Set advertising image to C:/Users/king/STM32Cube/Repository/\en.prom-stm32wl3-mcu-finder.jpg
2024-01-18 02:36:37,755 [INFO] MultiScanPanel:200 - Auto-refresh data requested => check proxy status ongoing
2024-01-18 02:36:37,833 [INFO] LoadUrlFilesThread:185 - End of LoadServerUrlFiles without Thread
2024-01-18 02:36:37,833 [INFO] DetailPanel:341 - Set advertising image to C:/Users/king/STM32Cube/Repository/\en.prom-stm32wl3-mcu-finder.jpg
2024-01-18 02:36:37,840 [INFO] DbBoards:642 - Loading board mini-images...
2024-01-18 02:36:38,476 [ERROR] DbBoards:659 - Image file not found for board NUCLEO-WBA55CG: C:\Users\king\.stmcufinder\plugins\mcufinder//mcu//boards_images/NUCLEO-WBA55CG.jpg
2024-01-18 02:36:39,168 [ERROR] DbBoards:659 - Image file not found for board STM32WBA55G-DK1: C:\Users\king\.stmcufinder\plugins\mcufinder//mcu//boards_images/STM32WBA55G-DK1.jpg
2024-01-18 02:36:39,168 [INFO] DbBoards:665 - Loaded 191 board mini-images
2024-01-18 02:36:42,111 [INFO] MultiScanPanel:200 - Auto-refresh data requested => check proxy status ongoing
2024-01-18 02:36:42,114 [INFO] SoftwarePacks:127 - Download is needed for SW pack 'FP-ATR-ASTRA1_V2.0.0'
2024-01-18 02:36:42,114 [INFO] SoftwarePacks:127 - Download is needed for SW pack 'FP-SNS-FLIGHT1_V5.0.2'
2024-01-18 02:36:42,114 [INFO] SoftwarePacks:127 - Download is needed for SW pack 'FP-SNS-MOTENV1_V4.3.2'
2024-01-18 02:36:42,114 [ERROR] SoftwarePacks:139 - Unknown SW pack 'FP-SNS-MOTENVWB1_V1.3.1'
2024-01-18 02:36:42,114 [INFO] SoftwarePacks:127 - Download is needed for SW pack 'FP-SNS-SMARTAG2_V1.2.0'
2024-01-18 02:36:42,119 [INFO] SoftwarePacks:127 - Download is needed for SW pack 'STM32Cube_FW_C0_V1.1.0'
2024-01-18 02:36:42,123 [INFO] SoftwarePacks:127 - Download is needed for SW pack 'STM32Cube_FW_F4_V1.28.0'
2024-01-18 02:36:42,127 [INFO] SoftwarePacks:127 - Download is needed for SW pack 'STM32Cube_FW_F7_V1.17.0'
2024-01-18 02:36:42,130 [INFO] SoftwarePacks:127 - Download is needed for SW pack 'STM32Cube_FW_G0_V1.6.1'
2024-01-18 02:36:42,134 [INFO] SoftwarePacks:127 - Download is needed for SW pack 'STM32Cube_FW_G4_V1.5.1'
2024-01-18 02:36:42,138 [INFO] SoftwarePacks:127 - Download is needed for SW pack 'STM32Cube_FW_H5_V1.1.1'
2024-01-18 02:36:42,142 [INFO] SoftwarePacks:127 - Download is needed for SW pack 'STM32Cube_FW_H7_V1.11.0'
2024-01-18 02:36:42,145 [INFO] SoftwarePacks:127 - Download is needed for SW pack 'STM32Cube_FW_L0_V1.12.2'
2024-01-18 02:36:42,149 [INFO] SoftwarePacks:127 - Download is needed for SW pack 'STM32Cube_FW_L5_V1.5.0'
2024-01-18 02:36:42,153 [INFO] SoftwarePacks:127 - Download is needed for SW pack 'STM32Cube_FW_U5_V1.4.0'
2024-01-18 02:36:42,156 [INFO] SoftwarePacks:127 - Download is needed for SW pack 'STM32Cube_FW_WBA_V1.2.0'
2024-01-18 02:36:42,160 [INFO] SoftwarePacks:127 - Download is needed for SW pack 'STM32Cube_FW_WB_V1.18.0'
2024-01-18 02:36:42,164 [INFO] SoftwarePacks:127 - Download is needed for SW pack 'STM32Cube_FW_WL_V1.3.0'
2024-01-18 02:36:42,164 [INFO] SoftwarePacks:127 - Download is needed for SW pack 'X-CUBE-ALGOBUILD_V1.3.0'
2024-01-18 02:36:42,164 [INFO] SoftwarePacks:127 - Download is needed for SW pack 'X-CUBE-ALS_V1.0.1'
2024-01-18 02:36:42,164 [INFO] SoftwarePacks:127 - Download is needed for SW pack 'X-CUBE-AZRTOS-F4_V1.1.0'
2024-01-18 02:36:42,165 [INFO] SoftwarePacks:127 - Download is needed for SW pack 'X-CUBE-AZRTOS-F7_V1.1.0'
2024-01-18 02:36:42,165 [INFO] SoftwarePacks:127 - Download is needed for SW pack 'X-CUBE-AZRTOS-G0_V1.1.0'
2024-01-18 02:36:42,165 [INFO] SoftwarePacks:127 - Download is needed for SW pack 'X-CUBE-AZRTOS-G4_V2.0.0'
2024-01-18 02:36:42,165 [INFO] SoftwarePacks:127 - Download is needed for SW pack 'X-CUBE-AZRTOS-H7_V3.1.0'
2024-01-18 02:36:42,165 [INFO] SoftwarePacks:127 - Download is needed for SW pack 'X-CUBE-AZRTOS-L4_V2.0.0'
2024-01-18 02:36:42,165 [INFO] SoftwarePacks:127 - Download is needed for SW pack 'X-CUBE-AZRTOS-L5_V1.1.0'
2024-01-18 02:36:42,166 [INFO] SoftwarePacks:127 - Download is needed for SW pack 'X-CUBE-AZRTOS-WB_V2.0.0'
2024-01-18 02:36:42,166 [INFO] SoftwarePacks:127 - Download is needed for SW pack 'X-CUBE-AZRTOS-WL_V2.0.0'
2024-01-18 02:36:42,166 [INFO] SoftwarePacks:127 - Download is needed for SW pack 'X-CUBE-BLE1_V7.0.0'
2024-01-18 02:36:42,166 [INFO] SoftwarePacks:127 - Download is needed for SW pack 'X-CUBE-BLE2_V3.3.0'
2024-01-18 02:36:42,166 [INFO] SoftwarePacks:127 - Download is needed for SW pack 'X-CUBE-BLEMGR_V3.0.0'
2024-01-18 02:36:42,166 [INFO] SoftwarePacks:127 - Download is needed for SW pack 'X-CUBE-EEPRMA1_V4.2.0'
2024-01-18 02:36:42,166 [INFO] SoftwarePacks:127 - Download is needed for SW pack 'X-CUBE-FREERTOS_V1.1.0'
2024-01-18 02:36:42,167 [INFO] SoftwarePacks:127 - Download is needed for SW pack 'X-CUBE-GNSS1_V6.0.0'
2024-01-18 02:36:42,167 [INFO] SoftwarePacks:127 - Download is needed for SW pack 'X-CUBE-MEMS1_V10.0.0'
2024-01-18 02:36:42,167 [INFO] SoftwarePacks:127 - Download is needed for SW pack 'X-CUBE-NFC4_V3.0.0'
2024-01-18 02:36:42,167 [INFO] SoftwarePacks:127 - Download is needed for SW pack 'X-CUBE-NFC7_V1.0.1'
2024-01-18 02:36:42,167 [INFO] SoftwarePacks:127 - Download is needed for SW pack 'X-CUBE-SFXS2LP1_V4.0.0'
2024-01-18 02:36:42,167 [INFO] SoftwarePacks:127 - Download is needed for SW pack 'X-CUBE-SUBG2_V5.0.0'
2024-01-18 02:36:42,167 [ERROR] SoftwarePacks:139 - Unknown SW pack 'X-CUBE-TOF1_V3.4.0'
2024-01-18 02:36:42,753 [INFO] LoadUrlFilesThread:185 - End of LoadServerUrlFiles without Thread
2024-01-18 02:36:42,753 [INFO] DetailPanel:341 - Set advertising image to C:/Users/king/STM32Cube/Repository/\en.prom-stm32wl3-mcu-finder.jpg
2024-01-18 02:36:44,839 [INFO] CrossSelectorPresenter:1358 - Cross Selector saved comparison directory: C:\Users\king\.stmcufinder\plugins\mcufinder\mcu\cs_comparisons_mx
2024-01-18 02:36:44,865 [INFO] CrossReferenceDbSqlite:245 - SQLite db open (C:\Users\king\.stmcufinder\plugins\mcufinder\mcu\cs\crdb.db)
2024-01-18 02:37:26,159 [INFO] McuFinderGlobals:76 - Set McuFinderConnectedMode to true
2024-01-18 02:37:26,666 [INFO] ApiDb:448 - Save user favorites file C:\Users\king/.stm32cubeide/favorites.mcus.txt: 0 item(s)
2024-01-18 02:37:26,667 [INFO] ApiDb:452 - User favorites MCUs=[]
2024-01-18 02:37:26,668 [INFO] ApiDb:448 - Save user favorites file C:\Users\king/.stm32cubeide/favorites.boards.txt: 0 item(s)
2024-01-18 02:37:26,668 [INFO] ApiDb:452 - User favorites Boards=[]
2024-01-18 02:37:26,670 [INFO] ApiDb:448 - Save user favorites file C:\Users\king/.stm32cubeide/favorites.examples.txt: 0 item(s)
2024-01-18 02:37:26,670 [INFO] ApiDb:452 - User favorites Examples=[]
